Starting tests at Sat 11/08/2025 20:38:51.78
[1/12] Screen Render Performance Tests
ðŸš€ Running Performance Tests...

âœ… Device connected
ðŸ”¨ Building test APK...
> Task :app:checkKotlinGradlePluginConfigurationErrors SKIPPED
> Task :app:preBuild UP-TO-DATE
> Task :app:preDebugBuild UP-TO-DATE
> Task :app:checkDebugAarMetadata UP-TO-DATE
> Task :app:processDebugNavigationResources UP-TO-DATE
> Task :app:compileDebugNavigationResources UP-TO-DATE
> Task :app:generateDebugResValues UP-TO-DATE
> Task :app:processDebugGoogleServices UP-TO-DATE
> Task :app:mapDebugSourceSetPaths UP-TO-DATE
> Task :app:generateDebugResources UP-TO-DATE
> Task :app:mergeDebugResources UP-TO-DATE
> Task :app:packageDebugResources UP-TO-DATE
> Task :app:parseDebugLocalResources UP-TO-DATE
> Task :app:createDebugCompatibleScreenManifests UP-TO-DATE
> Task :app:extractDeepLinksDebug UP-TO-DATE
> Task :app:processDebugMainManifest UP-TO-DATE
> Task :app:processDebugManifest UP-TO-DATE
> Task :app:processDebugManifestForPackage UP-TO-DATE
> Task :app:processDebugResources UP-TO-DATE
> Task :app:compileDebugKotlin UP-TO-DATE
> Task :app:javaPreCompileDebug UP-TO-DATE
> Task :app:compileDebugJavaWithJavac UP-TO-DATE
> Task :app:bundleDebugClassesToCompileJar UP-TO-DATE
> Task :app:preDebugAndroidTestBuild SKIPPED
> Task :app:checkDebugAndroidTestAarMetadata UP-TO-DATE
> Task :app:processDebugAndroidTestNavigationResources UP-TO-DATE
> Task :app:compileDebugAndroidTestNavigationResources UP-TO-DATE
> Task :app:generateDebugAndroidTestResValues UP-TO-DATE
> Task :app:mapDebugAndroidTestSourceSetPaths UP-TO-DATE
> Task :app:generateDebugAndroidTestResources UP-TO-DATE
> Task :app:mergeDebugAndroidTestResources UP-TO-DATE
> Task :app:processDebugAndroidTestManifest UP-TO-DATE
> Task :app:processDebugAndroidTestResources UP-TO-DATE
> Task :app:compileDebugAndroidTestKotlin UP-TO-DATE
> Task :app:javaPreCompileDebugAndroidTest UP-TO-DATE
> Task :app:compileDebugAndroidTestJavaWithJavac NO-SOURCE
> Task :app:mergeDebugAndroidTestShaders UP-TO-DATE
> Task :app:compileDebugAndroidTestShaders NO-SOURCE
> Task :app:generateDebugAndroidTestAssets UP-TO-DATE
> Task :app:mergeDebugAndroidTestAssets UP-TO-DATE
> Task :app:compressDebugAndroidTestAssets UP-TO-DATE
> Task :app:processDebugAndroidTestJavaRes UP-TO-DATE
> Task :app:mergeDebugAndroidTestJavaResource UP-TO-DATE
> Task :app:checkDebugAndroidTestDuplicateClasses UP-TO-DATE
> Task :app:desugarDebugAndroidTestFileDependencies UP-TO-DATE
> Task :app:mergeExtDexDebugAndroidTest UP-TO-DATE
> Task :app:mergeLibDexDebugAndroidTest UP-TO-DATE
> Task :app:dexBuilderDebugAndroidTest UP-TO-DATE
> Task :app:mergeProjectDexDebugAndroidTest UP-TO-DATE
> Task :app:mergeDebugAndroidTestJniLibFolders UP-TO-DATE
> Task :app:mergeDebugJniLibFolders UP-TO-DATE
> Task :app:mergeDebugNativeLibs UP-TO-DATE
> Task :app:mergeDebugAndroidTestNativeLibs UP-TO-DATE
> Task :app:stripDebugAndroidTestDebugSymbols UP-TO-DATE
> Task :app:validateSigningDebugAndroidTest UP-TO-DATE
> Task :app:writeDebugAndroidTestSigningConfigVersions UP-TO-DATE
> Task :app:packageDebugAndroidTest UP-TO-DATE
> Task :app:createDebugAndroidTestApkListingFileRedirect UP-TO-DATE
> Task :app:assembleDebugAndroidTest UP-TO-DATE

BUILD SUCCESSFUL in 4s
51 actionable tasks: 51 up-to-date
ðŸ“Š Running Screen Render Performance Tests...
> Task :app:checkKotlinGradlePluginConfigurationErrors SKIPPED
> Task :app:preBuild UP-TO-DATE
> Task :app:preDebugBuild UP-TO-DATE
> Task :app:checkDebugAarMetadata UP-TO-DATE
> Task :app:processDebugNavigationResources UP-TO-DATE
> Task :app:compileDebugNavigationResources UP-TO-DATE
> Task :app:generateDebugResValues UP-TO-DATE
> Task :app:processDebugGoogleServices UP-TO-DATE
> Task :app:mapDebugSourceSetPaths UP-TO-DATE
> Task :app:generateDebugResources UP-TO-DATE
> Task :app:mergeDebugResources UP-TO-DATE
> Task :app:packageDebugResources UP-TO-DATE
> Task :app:parseDebugLocalResources UP-TO-DATE
> Task :app:createDebugCompatibleScreenManifests UP-TO-DATE
> Task :app:extractDeepLinksDebug UP-TO-DATE
> Task :app:processDebugMainManifest UP-TO-DATE
> Task :app:processDebugManifest UP-TO-DATE
> Task :app:processDebugManifestForPackage UP-TO-DATE
> Task :app:processDebugResources UP-TO-DATE
> Task :app:compileDebugKotlin UP-TO-DATE
> Task :app:javaPreCompileDebug UP-TO-DATE
> Task :app:compileDebugJavaWithJavac UP-TO-DATE
> Task :app:bundleDebugClassesToCompileJar UP-TO-DATE
> Task :app:preDebugAndroidTestBuild SKIPPED
> Task :app:checkDebugAndroidTestAarMetadata UP-TO-DATE
> Task :app:processDebugAndroidTestNavigationResources UP-TO-DATE
> Task :app:compileDebugAndroidTestNavigationResources UP-TO-DATE
> Task :app:generateDebugAndroidTestResValues UP-TO-DATE
> Task :app:mapDebugAndroidTestSourceSetPaths UP-TO-DATE
> Task :app:generateDebugAndroidTestResources UP-TO-DATE
> Task :app:mergeDebugAndroidTestResources UP-TO-DATE
> Task :app:processDebugAndroidTestManifest UP-TO-DATE
> Task :app:processDebugAndroidTestResources UP-TO-DATE
> Task :app:compileDebugAndroidTestKotlin UP-TO-DATE
> Task :app:javaPreCompileDebugAndroidTest UP-TO-DATE
> Task :app:compileDebugAndroidTestJavaWithJavac NO-SOURCE
> Task :app:mergeDebugShaders
> Task :app:compileDebugShaders NO-SOURCE
> Task :app:generateDebugAssets UP-TO-DATE
> Task :app:mergeDebugAssets
> Task :app:generateDebugJacocoPropertiesFile
> Task :app:compressDebugAssets
> Task :app:processDebugJavaRes
> Task :app:desugarDebugFileDependencies
> Task :app:checkDebugDuplicateClasses
> Task :app:mergeDebugJniLibFolders UP-TO-DATE
> Task :app:mergeDebugNativeLibs UP-TO-DATE
> Task :app:mergeLibDexDebug
> Task :app:validateSigningDebug
> Task :app:writeDebugAppMetadata
> Task :app:writeDebugSigningConfigVersions
> Task :app:mergeDebugAndroidTestShaders UP-TO-DATE
> Task :app:compileDebugAndroidTestShaders NO-SOURCE
> Task :app:generateDebugAndroidTestAssets UP-TO-DATE
> Task :app:mergeDebugAndroidTestAssets UP-TO-DATE
> Task :app:compressDebugAndroidTestAssets UP-TO-DATE
> Task :app:processDebugAndroidTestJavaRes UP-TO-DATE
> Task :app:mergeDebugAndroidTestJavaResource UP-TO-DATE
> Task :app:checkDebugAndroidTestDuplicateClasses UP-TO-DATE
> Task :app:desugarDebugAndroidTestFileDependencies UP-TO-DATE
> Task :app:mergeExtDexDebugAndroidTest UP-TO-DATE
> Task :app:mergeLibDexDebugAndroidTest UP-TO-DATE
> Task :app:dexBuilderDebugAndroidTest UP-TO-DATE
> Task :app:mergeProjectDexDebugAndroidTest UP-TO-DATE
> Task :app:mergeDebugAndroidTestJniLibFolders UP-TO-DATE
> Task :app:mergeDebugAndroidTestNativeLibs UP-TO-DATE
> Task :app:stripDebugAndroidTestDebugSymbols UP-TO-DATE
> Task :app:validateSigningDebugAndroidTest UP-TO-DATE
> Task :app:writeDebugAndroidTestSigningConfigVersions UP-TO-DATE
> Task :app:packageDebugAndroidTest UP-TO-DATE
> Task :app:createDebugAndroidTestApkListingFileRedirect UP-TO-DATE

> Task :app:stripDebugDebugSymbols
Unable to strip the following libraries, packaging them as they are: libagora-fdkaac.so, libagora-ffmpeg.so, libagora-rtc-sdk.so, libagora-soundtouch.so, libagora_ai_echo_cancellation_extension.so, libagora_ai_echo_cancellation_ll_extension.so, libagora_ai_noise_suppression_extension.so, libagora_ai_noise_suppression_ll_extension.so, libagora_audio_beauty_extension.so, libagora_lip_sync_extension.so, libagora_spatial_audio_extension.so, libandroidx.graphics.path.so, libaosl.so, libbarhopper_v3.so, libdatastore_shared_counter.so, libimage_processing_util_jni.so, libimagepipeline.so, libnative-filters.so, libnative-imagetranscoder.so. Run with --info option to learn more.

> Task :app:jacocoDebug
> Task :app:mergeDebugJavaResource
> Task :app:mergeExtDexDebug
> Task :app:dexBuilderDebug
> Task :app:mergeProjectDexDebug
> Task :app:packageDebug
> Task :app:createDebugApkListingFileRedirect
> Task :app:connectedDebugAndroidTest
Starting 5 tests on SM-A057F - 15

SM-A057F - 15 Tests 0/5 completed. (0 skipped) (0 failed)

> Task :app:connectedDebugAndroidTest

com.example.atry.performance.ScreenRenderPerformanceTest > measureChatScreenRenderTime[SM-A057F - 15] [31mFAILED [0m
	java.lang.AssertionError: ChatScreen render time (831 ms) exceeds target (300ms)
	at com.example.atry.performance.ScreenRenderPerformanceTest.measureChatScreenRenderTime(ScreenRenderPerformanceTest.kt:100)

SM-A057F - 15 Tests 1/5 completed. (0 skipped) (1 failed)

> Task :app:connectedDebugAndroidTest

com.example.atry.performance.ScreenRenderPerformanceTest > measureMessageScreenRenderTime[SM-A057F - 15] [31mFAILED [0m
	java.lang.AssertionError: MessageScreen render time (808 ms) exceeds target (250ms)
	at com.example.atry.performance.ScreenRenderPerformanceTest.measureMessageScreenRenderTime(ScreenRenderPerformanceTest.kt:123)

SM-A057F - 15 Tests 2/5 completed. (0 skipped) (2 failed)

> Task :app:connectedDebugAndroidTest

com.example.atry.performance.ScreenRenderPerformanceTest > measureProfileScreenRenderTime[SM-A057F - 15] [31mFAILED [0m
	java.lang.AssertionError: MyProfileScreen render time (521 ms) exceeds target (200ms)
	at com.example.atry.performance.ScreenRenderPerformanceTest.measureProfileScreenRenderTime(ScreenRenderPerformanceTest.kt:146)

SM-A057F - 15 Tests 3/5 completed. (0 skipped) (3 failed)

> Task :app:connectedDebugAndroidTest

com.example.atry.performance.ScreenRenderPerformanceTest > measureSplashScreenRenderTime[SM-A057F - 15] [31mFAILED [0m
	java.lang.AssertionError: SplashScreen render time (405 ms) exceeds target (100ms)
	at com.example.atry.performance.ScreenRenderPerformanceTest.measureSplashScreenRenderTime(ScreenRenderPerformanceTest.kt:47)

SM-A057F - 15 Tests 4/5 completed. (0 skipped) (4 failed)
Finished 5 tests on SM-A057F - 15

> Task :app:connectedDebugAndroidTest
Tests on SM-A057F - 15 failed: There was 4 failure(s).
Logcat of last crash: 
Process: com.example.datingapp.test, PID: 1430
java.lang.RuntimeException: Unable to get provider androidx.startup.InitializationProvider: java.lang.ClassNotFoundException: Didn't find class "androidx.startup.InitializationProvider" on path: DexPathList[[zip file "/data/app/~~Eh_YrT99-WZb9ZGzooO-zQ==/com.example.datingapp.test-NCV_E7v2-rBSd30ImY_Blw==/base.apk"],nativeLibraryDirectories=[/data/app/~~Eh_YrT99-WZb9ZGzooO-zQ==/com.example.datingapp.test-NCV_E7v2-rBSd30ImY_Blw==/lib/arm64, /data/app/~~Eh_YrT99-WZb9ZGzooO-zQ==/com.example.datingapp.test-NCV_E7v2-rBSd30ImY_Blw==/base.apk!/lib/arm64-v8a, /system/lib64, /system_ext/lib64]]
	at android.app.ActivityThread.installProvider(ActivityThread.java:9205)
	at android.app.ActivityThread.installContentProviders(ActivityThread.java:8702)
	at android.app.ActivityThread.handleBindApplication(ActivityThread.java:8344)
	at android.app.ActivityThread.-$$Nest$mhandleBindApplication(Unknown Source:0)
	at android.app.ActivityThread$H.handleMessage(ActivityThread.java:2679)
	at android.os.Handler.dispatchMessage(Handler.java:107)
	at android.os.Looper.loopOnce(Looper.java:257)
	at android.os.Looper.loop(Looper.java:342)
	at android.app.ActivityThread.main(ActivityThread.java:9638)
	at java.lang.reflect.Method.invoke(Native Method)
	at com.android.internal.os.RuntimeInit$MethodAndArgsCaller.run(RuntimeInit.java:619)
	at com.android.internal.os.ZygoteInit.main(ZygoteInit.java:929)
Caused by: java.lang.ClassNotFoundException: Didn't find class "androidx.startup.InitializationProvider" on path: DexPathList[[zip file "/data/app/~~Eh_YrT99-WZb9ZGzooO-zQ==/com.example.datingapp.test-NCV_E7v2-rBSd30ImY_Blw==/base.apk"],nativeLibraryDirectories=[/data/app/~~Eh_YrT99-WZb9ZGzooO-zQ==/com.example.datingapp.test-NCV_E7v2-rBSd30ImY_Blw==/lib/arm64, /data/app/~~Eh_YrT99-WZb9ZGzooO-zQ==/com.example.datingapp.test-NCV_E7v2-rBSd30ImY_Blw==/base.apk!/lib/arm64-v8a, /system/lib64, /system_ext/lib64]]
	at dalvik.system.BaseDexClassLoader.findClass(BaseDexClassLoader.java:259)
	at java.lang.ClassLoader.loadClass(ClassLoader.java:637)
	at java.lang.ClassLoader.loadClass(ClassLoader.java:573)
	at android.app.AppComponentFactory.instantiateProvider(AppComponentFactory.java:147)
	at android.app.ActivityThread.installProvider(ActivityThread.java:9189)
	... 11 more


> Task :app:connectedDebugAndroidTest FAILED

FAILURE: Build failed with an exception.

* What went wrong:
Execution failed for task ':app:connectedDebugAndroidTest'.
> There were failing tests. See the report at: file:///E:/UET/Project/Dating_App_Mobile_Project/app/build/reports/androidTests/connected/debug/index.html

* Try:
> Run with --stacktrace option to get the stack trace.
> Run with --info or --debug option to get more log output.
> Run with --scan to get full insights.
> Get more help at https://help.gradle.org.

BUILD FAILED in 5m 32s
71 actionable tasks: 20 executed, 51 up-to-date

âŒ Performance tests failed
[2/12] Scroll Performance Tests
ðŸš€ Running Performance Tests...

âœ… Device connected
ðŸ”¨ Building test APK...
> Task :app:checkKotlinGradlePluginConfigurationErrors SKIPPED
> Task :app:preBuild UP-TO-DATE
> Task :app:preDebugBuild UP-TO-DATE
> Task :app:checkDebugAarMetadata UP-TO-DATE
> Task :app:processDebugNavigationResources UP-TO-DATE
> Task :app:compileDebugNavigationResources UP-TO-DATE
> Task :app:generateDebugResValues UP-TO-DATE
> Task :app:processDebugGoogleServices UP-TO-DATE
> Task :app:mapDebugSourceSetPaths UP-TO-DATE
> Task :app:generateDebugResources UP-TO-DATE
> Task :app:mergeDebugResources UP-TO-DATE
> Task :app:packageDebugResources UP-TO-DATE
> Task :app:parseDebugLocalResources UP-TO-DATE
> Task :app:createDebugCompatibleScreenManifests UP-TO-DATE
> Task :app:extractDeepLinksDebug UP-TO-DATE
> Task :app:processDebugMainManifest UP-TO-DATE
> Task :app:processDebugManifest UP-TO-DATE
> Task :app:processDebugManifestForPackage UP-TO-DATE
> Task :app:processDebugResources UP-TO-DATE
> Task :app:compileDebugKotlin UP-TO-DATE
> Task :app:javaPreCompileDebug UP-TO-DATE
> Task :app:compileDebugJavaWithJavac UP-TO-DATE
> Task :app:bundleDebugClassesToCompileJar UP-TO-DATE
> Task :app:preDebugAndroidTestBuild SKIPPED
> Task :app:checkDebugAndroidTestAarMetadata UP-TO-DATE
> Task :app:processDebugAndroidTestNavigationResources UP-TO-DATE
> Task :app:compileDebugAndroidTestNavigationResources UP-TO-DATE
> Task :app:generateDebugAndroidTestResValues UP-TO-DATE
> Task :app:mapDebugAndroidTestSourceSetPaths UP-TO-DATE
> Task :app:generateDebugAndroidTestResources UP-TO-DATE
> Task :app:mergeDebugAndroidTestResources UP-TO-DATE
> Task :app:processDebugAndroidTestManifest UP-TO-DATE
> Task :app:processDebugAndroidTestResources UP-TO-DATE
> Task :app:compileDebugAndroidTestKotlin UP-TO-DATE
> Task :app:javaPreCompileDebugAndroidTest UP-TO-DATE
> Task :app:compileDebugAndroidTestJavaWithJavac NO-SOURCE
> Task :app:mergeDebugAndroidTestShaders UP-TO-DATE
> Task :app:compileDebugAndroidTestShaders NO-SOURCE
> Task :app:generateDebugAndroidTestAssets UP-TO-DATE
> Task :app:mergeDebugAndroidTestAssets UP-TO-DATE
> Task :app:compressDebugAndroidTestAssets UP-TO-DATE
> Task :app:processDebugAndroidTestJavaRes UP-TO-DATE
> Task :app:mergeDebugAndroidTestJavaResource UP-TO-DATE
> Task :app:checkDebugAndroidTestDuplicateClasses UP-TO-DATE
> Task :app:desugarDebugAndroidTestFileDependencies UP-TO-DATE
> Task :app:mergeExtDexDebugAndroidTest UP-TO-DATE
> Task :app:mergeLibDexDebugAndroidTest UP-TO-DATE
> Task :app:dexBuilderDebugAndroidTest UP-TO-DATE
> Task :app:mergeProjectDexDebugAndroidTest UP-TO-DATE
> Task :app:mergeDebugAndroidTestJniLibFolders UP-TO-DATE
> Task :app:mergeDebugJniLibFolders UP-TO-DATE
> Task :app:mergeDebugNativeLibs UP-TO-DATE
> Task :app:mergeDebugAndroidTestNativeLibs UP-TO-DATE
> Task :app:stripDebugAndroidTestDebugSymbols UP-TO-DATE
> Task :app:validateSigningDebugAndroidTest UP-TO-DATE
> Task :app:writeDebugAndroidTestSigningConfigVersions UP-TO-DATE
> Task :app:packageDebugAndroidTest UP-TO-DATE
> Task :app:createDebugAndroidTestApkListingFileRedirect UP-TO-DATE
> Task :app:assembleDebugAndroidTest UP-TO-DATE

BUILD SUCCESSFUL in 4s
51 actionable tasks: 51 up-to-date
ðŸ“Š Running Scroll Performance Tests...
> Task :app:checkKotlinGradlePluginConfigurationErrors SKIPPED
> Task :app:preBuild UP-TO-DATE
> Task :app:preDebugBuild UP-TO-DATE
> Task :app:checkDebugAarMetadata UP-TO-DATE
> Task :app:processDebugNavigationResources UP-TO-DATE
> Task :app:compileDebugNavigationResources UP-TO-DATE
> Task :app:generateDebugResValues UP-TO-DATE
> Task :app:processDebugGoogleServices UP-TO-DATE
> Task :app:mapDebugSourceSetPaths UP-TO-DATE
> Task :app:generateDebugResources UP-TO-DATE
> Task :app:mergeDebugResources UP-TO-DATE
> Task :app:packageDebugResources UP-TO-DATE
> Task :app:parseDebugLocalResources UP-TO-DATE
> Task :app:createDebugCompatibleScreenManifests UP-TO-DATE
> Task :app:extractDeepLinksDebug UP-TO-DATE
> Task :app:processDebugMainManifest UP-TO-DATE
> Task :app:processDebugManifest UP-TO-DATE
> Task :app:processDebugManifestForPackage UP-TO-DATE
> Task :app:processDebugResources UP-TO-DATE
> Task :app:compileDebugKotlin UP-TO-DATE
> Task :app:javaPreCompileDebug UP-TO-DATE
> Task :app:compileDebugJavaWithJavac UP-TO-DATE
> Task :app:bundleDebugClassesToCompileJar UP-TO-DATE
> Task :app:preDebugAndroidTestBuild SKIPPED
> Task :app:checkDebugAndroidTestAarMetadata UP-TO-DATE
> Task :app:processDebugAndroidTestNavigationResources UP-TO-DATE
> Task :app:compileDebugAndroidTestNavigationResources UP-TO-DATE
> Task :app:generateDebugAndroidTestResValues UP-TO-DATE
> Task :app:mapDebugAndroidTestSourceSetPaths UP-TO-DATE
> Task :app:generateDebugAndroidTestResources UP-TO-DATE
> Task :app:mergeDebugAndroidTestResources UP-TO-DATE
> Task :app:processDebugAndroidTestManifest UP-TO-DATE
> Task :app:processDebugAndroidTestResources UP-TO-DATE
> Task :app:compileDebugAndroidTestKotlin UP-TO-DATE
> Task :app:javaPreCompileDebugAndroidTest UP-TO-DATE
> Task :app:compileDebugAndroidTestJavaWithJavac NO-SOURCE
> Task :app:mergeDebugShaders UP-TO-DATE
> Task :app:compileDebugShaders NO-SOURCE
> Task :app:generateDebugAssets UP-TO-DATE
> Task :app:mergeDebugAssets UP-TO-DATE
> Task :app:compressDebugAssets UP-TO-DATE
> Task :app:generateDebugJacocoPropertiesFile UP-TO-DATE
> Task :app:processDebugJavaRes UP-TO-DATE
> Task :app:mergeDebugJavaResource UP-TO-DATE
> Task :app:checkDebugDuplicateClasses UP-TO-DATE
> Task :app:desugarDebugFileDependencies UP-TO-DATE
> Task :app:mergeExtDexDebug UP-TO-DATE
> Task :app:mergeLibDexDebug UP-TO-DATE
> Task :app:jacocoDebug UP-TO-DATE
> Task :app:dexBuilderDebug UP-TO-DATE
> Task :app:mergeProjectDexDebug UP-TO-DATE
> Task :app:mergeDebugJniLibFolders UP-TO-DATE
> Task :app:mergeDebugNativeLibs UP-TO-DATE
> Task :app:stripDebugDebugSymbols UP-TO-DATE
> Task :app:validateSigningDebug UP-TO-DATE
> Task :app:writeDebugAppMetadata UP-TO-DATE
> Task :app:writeDebugSigningConfigVersions UP-TO-DATE
> Task :app:packageDebug UP-TO-DATE
> Task :app:createDebugApkListingFileRedirect UP-TO-DATE
> Task :app:mergeDebugAndroidTestShaders UP-TO-DATE
> Task :app:compileDebugAndroidTestShaders NO-SOURCE
> Task :app:generateDebugAndroidTestAssets UP-TO-DATE
> Task :app:mergeDebugAndroidTestAssets UP-TO-DATE
> Task :app:compressDebugAndroidTestAssets UP-TO-DATE
> Task :app:processDebugAndroidTestJavaRes UP-TO-DATE
> Task :app:mergeDebugAndroidTestJavaResource UP-TO-DATE
> Task :app:checkDebugAndroidTestDuplicateClasses UP-TO-DATE
> Task :app:desugarDebugAndroidTestFileDependencies UP-TO-DATE
> Task :app:mergeExtDexDebugAndroidTest UP-TO-DATE
> Task :app:mergeLibDexDebugAndroidTest UP-TO-DATE
> Task :app:dexBuilderDebugAndroidTest UP-TO-DATE
> Task :app:mergeProjectDexDebugAndroidTest UP-TO-DATE
> Task :app:mergeDebugAndroidTestJniLibFolders UP-TO-DATE
> Task :app:mergeDebugAndroidTestNativeLibs UP-TO-DATE
> Task :app:stripDebugAndroidTestDebugSymbols UP-TO-DATE
> Task :app:validateSigningDebugAndroidTest UP-TO-DATE
> Task :app:writeDebugAndroidTestSigningConfigVersions UP-TO-DATE
> Task :app:packageDebugAndroidTest UP-TO-DATE
> Task :app:createDebugAndroidTestApkListingFileRedirect UP-TO-DATE
> Task :app:connectedDebugAndroidTest
Starting 3 tests on SM-A057F - 15

SM-A057F - 15 Tests 0/3 completed. (0 skipped) (0 failed)

> Task :app:connectedDebugAndroidTest

com.example.atry.performance.ScrollPerformanceTest > measureHomeScreenSwipePerformance[SM-A057F - 15] [31mFAILED [0m
	java.lang.AssertionError: HomeScreen render time (2212 ms) exceeds target (2000ms)
	at com.example.atry.performance.ScrollPerformanceTest.measureHomeScreenSwipePerformance(ScrollPerformanceTest.kt:55)

SM-A057F - 15 Tests 1/3 completed. (0 skipped) (1 failed)

> Task :app:connectedDebugAndroidTest

com.example.atry.performance.ScrollPerformanceTest > measureMessageScreenScrollPerformance[SM-A057F - 15] [31mFAILED [0m
	java.lang.AssertionError: MessageScreen average idle time (11.1 ms) exceeds target (10ms)
	at com.example.atry.performance.ScrollPerformanceTest.measureMessageScreenScrollPerformance(ScrollPerformanceTest.kt:108)

SM-A057F - 15 Tests 2/3 completed. (0 skipped) (2 failed)

> Task :app:connectedDebugAndroidTest

com.example.atry.performance.ScrollPerformanceTest > measureChatScreenScrollPerformance[SM-A057F - 15] [31mFAILED [0m
	java.lang.AssertionError: ChatScreen average idle time (11.1 ms) exceeds target (10ms)
	at com.example.atry.performance.ScrollPerformanceTest.measureChatScreenScrollPerformance(ScrollPerformanceTest.kt:160)
Tests on SM-A057F - 15 failed: There was 3 failure(s).

Finished 3 tests on SM-A057F - 15

> Task :app:connectedDebugAndroidTest FAILED
Logcat of last crash: 
Process: com.example.datingapp.test, PID: 6771
java.lang.RuntimeException: Unable to get provider androidx.startup.InitializationProvider: java.lang.ClassNotFoundException: Didn't find class "androidx.startup.InitializationProvider" on path: DexPathList[[zip file "/data/app/~~uyukKYfNv_Y1O4L3hbf0ag==/com.example.datingapp.test-BP_gsGRT8_lWPn8Ga2zEfQ==/base.apk"],nativeLibraryDirectories=[/data/app/~~uyukKYfNv_Y1O4L3hbf0ag==/com.example.datingapp.test-BP_gsGRT8_lWPn8Ga2zEfQ==/lib/arm64, /data/app/~~uyukKYfNv_Y1O4L3hbf0ag==/com.example.datingapp.test-BP_gsGRT8_lWPn8Ga2zEfQ==/base.apk!/lib/arm64-v8a, /system/lib64, /system_ext/lib64]]
	at android.app.ActivityThread.installProvider(ActivityThread.java:9205)
	at android.app.ActivityThread.installContentProviders(ActivityThread.java:8702)
	at android.app.ActivityThread.handleBindApplication(ActivityThread.java:8344)
	at android.app.ActivityThread.-$$Nest$mhandleBindApplication(Unknown Source:0)
	at android.app.ActivityThread$H.handleMessage(ActivityThread.java:2679)
	at android.os.Handler.dispatchMessage(Handler.java:107)
	at android.os.Looper.loopOnce(Looper.java:257)
	at android.os.Looper.loop(Looper.java:342)
	at android.app.ActivityThread.main(ActivityThread.java:9638)
	at java.lang.reflect.Method.invoke(Native Method)
	at com.android.internal.os.RuntimeInit$MethodAndArgsCaller.run(RuntimeInit.java:619)
	at com.android.internal.os.ZygoteInit.main(ZygoteInit.java:929)
Caused by: java.lang.ClassNotFoundException: Didn't find class "androidx.startup.InitializationProvider" on path: DexPathList[[zip file "/data/app/~~uyukKYfNv_Y1O4L3hbf0ag==/com.example.datingapp.test-BP_gsGRT8_lWPn8Ga2zEfQ==/base.apk"],nativeLibraryDirectories=[/data/app/~~uyukKYfNv_Y1O4L3hbf0ag==/com.example.datingapp.test-BP_gsGRT8_lWPn8Ga2zEfQ==/lib/arm64, /data/app/~~uyukKYfNv_Y1O4L3hbf0ag==/com.example.datingapp.test-BP_gsGRT8_lWPn8Ga2zEfQ==/base.apk!/lib/arm64-v8a, /system/lib64, /system_ext/lib64]]
	at dalvik.system.BaseDexClassLoader.findClass(BaseDexClassLoader.java:259)
	at java.lang.ClassLoader.loadClass(ClassLoader.java:637)
	at java.lang.ClassLoader.loadClass(ClassLoader.java:573)
	at android.app.AppComponentFactory.instantiateProvider(AppComponentFactory.java:147)
	at android.app.ActivityThread.installProvider(ActivityThread.java:9189)
	... 11 more


FAILURE: Build failed with an exception.

* What went wrong:
Execution failed for task ':app:connectedDebugAndroidTest'.
> There were failing tests. See the report at: file:///E:/UET/Project/Dating_App_Mobile_Project/app/build/reports/androidTests/connected/debug/index.html

* Try:
> Run with --stacktrace option to get the stack trace.
> Run with --info or --debug option to get more log output.
> Run with --scan to get full insights.
> Get more help at https://help.gradle.org.

BUILD FAILED in 3m 12s
71 actionable tasks: 1 executed, 70 up-to-date

âŒ Performance tests failed
[3/12] ViewModel Performance Tests
ðŸš€ Running Performance Tests...

âœ… Device connected
ðŸ”¨ Building test APK...
> Task :app:checkKotlinGradlePluginConfigurationErrors SKIPPED
> Task :app:preBuild UP-TO-DATE
> Task :app:preDebugBuild UP-TO-DATE
> Task :app:checkDebugAarMetadata UP-TO-DATE
> Task :app:processDebugNavigationResources UP-TO-DATE
> Task :app:compileDebugNavigationResources UP-TO-DATE
> Task :app:generateDebugResValues UP-TO-DATE
> Task :app:processDebugGoogleServices UP-TO-DATE
> Task :app:mapDebugSourceSetPaths UP-TO-DATE
> Task :app:generateDebugResources UP-TO-DATE
> Task :app:mergeDebugResources UP-TO-DATE
> Task :app:packageDebugResources UP-TO-DATE
> Task :app:parseDebugLocalResources UP-TO-DATE
> Task :app:createDebugCompatibleScreenManifests UP-TO-DATE
> Task :app:extractDeepLinksDebug UP-TO-DATE
> Task :app:processDebugMainManifest UP-TO-DATE
> Task :app:processDebugManifest UP-TO-DATE
> Task :app:processDebugManifestForPackage UP-TO-DATE
> Task :app:processDebugResources UP-TO-DATE
> Task :app:compileDebugKotlin UP-TO-DATE
> Task :app:javaPreCompileDebug UP-TO-DATE
> Task :app:compileDebugJavaWithJavac UP-TO-DATE
> Task :app:bundleDebugClassesToCompileJar UP-TO-DATE
> Task :app:preDebugAndroidTestBuild SKIPPED
> Task :app:checkDebugAndroidTestAarMetadata UP-TO-DATE
> Task :app:processDebugAndroidTestNavigationResources UP-TO-DATE
> Task :app:compileDebugAndroidTestNavigationResources UP-TO-DATE
> Task :app:generateDebugAndroidTestResValues UP-TO-DATE
> Task :app:mapDebugAndroidTestSourceSetPaths UP-TO-DATE
> Task :app:generateDebugAndroidTestResources UP-TO-DATE
> Task :app:mergeDebugAndroidTestResources UP-TO-DATE
> Task :app:processDebugAndroidTestManifest UP-TO-DATE
> Task :app:processDebugAndroidTestResources UP-TO-DATE
> Task :app:compileDebugAndroidTestKotlin UP-TO-DATE
> Task :app:javaPreCompileDebugAndroidTest UP-TO-DATE
> Task :app:compileDebugAndroidTestJavaWithJavac NO-SOURCE
> Task :app:mergeDebugAndroidTestShaders UP-TO-DATE
> Task :app:compileDebugAndroidTestShaders NO-SOURCE
> Task :app:generateDebugAndroidTestAssets UP-TO-DATE
> Task :app:mergeDebugAndroidTestAssets UP-TO-DATE
> Task :app:compressDebugAndroidTestAssets UP-TO-DATE
> Task :app:processDebugAndroidTestJavaRes UP-TO-DATE
> Task :app:mergeDebugAndroidTestJavaResource UP-TO-DATE
> Task :app:checkDebugAndroidTestDuplicateClasses UP-TO-DATE
> Task :app:desugarDebugAndroidTestFileDependencies UP-TO-DATE
> Task :app:mergeExtDexDebugAndroidTest UP-TO-DATE
> Task :app:mergeLibDexDebugAndroidTest UP-TO-DATE
> Task :app:dexBuilderDebugAndroidTest UP-TO-DATE
> Task :app:mergeProjectDexDebugAndroidTest UP-TO-DATE
> Task :app:mergeDebugAndroidTestJniLibFolders UP-TO-DATE
> Task :app:mergeDebugJniLibFolders UP-TO-DATE
> Task :app:mergeDebugNativeLibs UP-TO-DATE
> Task :app:mergeDebugAndroidTestNativeLibs UP-TO-DATE
> Task :app:stripDebugAndroidTestDebugSymbols UP-TO-DATE
> Task :app:validateSigningDebugAndroidTest UP-TO-DATE
> Task :app:writeDebugAndroidTestSigningConfigVersions UP-TO-DATE
> Task :app:packageDebugAndroidTest UP-TO-DATE
> Task :app:createDebugAndroidTestApkListingFileRedirect UP-TO-DATE
> Task :app:assembleDebugAndroidTest UP-TO-DATE

BUILD SUCCESSFUL in 5s
51 actionable tasks: 51 up-to-date
ðŸ“Š Running ViewModel Performance Tests...
> Task :app:checkKotlinGradlePluginConfigurationErrors SKIPPED
> Task :app:preBuild UP-TO-DATE
> Task :app:preDebugBuild UP-TO-DATE
> Task :app:checkDebugAarMetadata UP-TO-DATE
> Task :app:processDebugNavigationResources UP-TO-DATE
> Task :app:compileDebugNavigationResources UP-TO-DATE
> Task :app:generateDebugResValues UP-TO-DATE
> Task :app:processDebugGoogleServices UP-TO-DATE
> Task :app:mapDebugSourceSetPaths UP-TO-DATE
> Task :app:generateDebugResources UP-TO-DATE
> Task :app:mergeDebugResources UP-TO-DATE
> Task :app:packageDebugResources UP-TO-DATE
> Task :app:parseDebugLocalResources UP-TO-DATE
> Task :app:createDebugCompatibleScreenManifests UP-TO-DATE
> Task :app:extractDeepLinksDebug UP-TO-DATE
> Task :app:processDebugMainManifest UP-TO-DATE
> Task :app:processDebugManifest UP-TO-DATE
> Task :app:processDebugManifestForPackage UP-TO-DATE
> Task :app:processDebugResources UP-TO-DATE
> Task :app:compileDebugKotlin UP-TO-DATE
> Task :app:javaPreCompileDebug UP-TO-DATE
> Task :app:compileDebugJavaWithJavac UP-TO-DATE
> Task :app:bundleDebugClassesToCompileJar UP-TO-DATE
> Task :app:preDebugAndroidTestBuild SKIPPED
> Task :app:checkDebugAndroidTestAarMetadata UP-TO-DATE
> Task :app:processDebugAndroidTestNavigationResources UP-TO-DATE
> Task :app:compileDebugAndroidTestNavigationResources UP-TO-DATE
> Task :app:generateDebugAndroidTestResValues UP-TO-DATE
> Task :app:mapDebugAndroidTestSourceSetPaths UP-TO-DATE
> Task :app:generateDebugAndroidTestResources UP-TO-DATE
> Task :app:mergeDebugAndroidTestResources UP-TO-DATE
> Task :app:processDebugAndroidTestManifest UP-TO-DATE
> Task :app:processDebugAndroidTestResources UP-TO-DATE
> Task :app:compileDebugAndroidTestKotlin UP-TO-DATE
> Task :app:javaPreCompileDebugAndroidTest UP-TO-DATE
> Task :app:compileDebugAndroidTestJavaWithJavac NO-SOURCE
> Task :app:mergeDebugShaders UP-TO-DATE
> Task :app:compileDebugShaders NO-SOURCE
> Task :app:generateDebugAssets UP-TO-DATE
> Task :app:mergeDebugAssets UP-TO-DATE
> Task :app:compressDebugAssets UP-TO-DATE
> Task :app:generateDebugJacocoPropertiesFile UP-TO-DATE
> Task :app:processDebugJavaRes UP-TO-DATE
> Task :app:mergeDebugJavaResource UP-TO-DATE
> Task :app:checkDebugDuplicateClasses UP-TO-DATE
> Task :app:desugarDebugFileDependencies UP-TO-DATE
> Task :app:mergeExtDexDebug UP-TO-DATE
> Task :app:mergeLibDexDebug UP-TO-DATE
> Task :app:jacocoDebug UP-TO-DATE
> Task :app:dexBuilderDebug UP-TO-DATE
> Task :app:mergeProjectDexDebug UP-TO-DATE
> Task :app:mergeDebugJniLibFolders UP-TO-DATE
> Task :app:mergeDebugNativeLibs UP-TO-DATE
> Task :app:stripDebugDebugSymbols UP-TO-DATE
> Task :app:validateSigningDebug UP-TO-DATE
> Task :app:writeDebugAppMetadata UP-TO-DATE
> Task :app:writeDebugSigningConfigVersions UP-TO-DATE
> Task :app:packageDebug UP-TO-DATE
> Task :app:createDebugApkListingFileRedirect UP-TO-DATE
> Task :app:mergeDebugAndroidTestShaders UP-TO-DATE
> Task :app:compileDebugAndroidTestShaders NO-SOURCE
> Task :app:generateDebugAndroidTestAssets UP-TO-DATE
> Task :app:mergeDebugAndroidTestAssets UP-TO-DATE
> Task :app:compressDebugAndroidTestAssets UP-TO-DATE
> Task :app:processDebugAndroidTestJavaRes UP-TO-DATE
> Task :app:mergeDebugAndroidTestJavaResource UP-TO-DATE
> Task :app:checkDebugAndroidTestDuplicateClasses UP-TO-DATE
> Task :app:desugarDebugAndroidTestFileDependencies UP-TO-DATE
> Task :app:mergeExtDexDebugAndroidTest UP-TO-DATE
> Task :app:mergeLibDexDebugAndroidTest UP-TO-DATE
> Task :app:dexBuilderDebugAndroidTest UP-TO-DATE
> Task :app:mergeProjectDexDebugAndroidTest UP-TO-DATE
> Task :app:mergeDebugAndroidTestJniLibFolders UP-TO-DATE
> Task :app:mergeDebugAndroidTestNativeLibs UP-TO-DATE
> Task :app:stripDebugAndroidTestDebugSymbols UP-TO-DATE
> Task :app:validateSigningDebugAndroidTest UP-TO-DATE
> Task :app:writeDebugAndroidTestSigningConfigVersions UP-TO-DATE
> Task :app:packageDebugAndroidTest UP-TO-DATE
> Task :app:createDebugAndroidTestApkListingFileRedirect UP-TO-DATE
> Task :app:connectedDebugAndroidTest
Starting 4 tests on SM-A057F - 15

Finished 4 tests on SM-A057F - 15

BUILD SUCCESSFUL in 47s
71 actionable tasks: 1 executed, 70 up-to-date

âœ… Performance tests completed successfully

ðŸ“Š View results:
  - Macrobenchmark: app\build\outputs\connected_android_test_additional_output\
  - Test Reports: app\build\reports\androidTests\
[4/12] Memory Performance Tests
ðŸš€ Running Performance Tests...

âœ… Device connected
ðŸ”¨ Building test APK...
> Task :app:checkKotlinGradlePluginConfigurationErrors SKIPPED
> Task :app:preBuild UP-TO-DATE
> Task :app:preDebugBuild UP-TO-DATE
> Task :app:checkDebugAarMetadata UP-TO-DATE
> Task :app:processDebugNavigationResources UP-TO-DATE
> Task :app:compileDebugNavigationResources UP-TO-DATE
> Task :app:generateDebugResValues UP-TO-DATE
> Task :app:processDebugGoogleServices UP-TO-DATE
> Task :app:mapDebugSourceSetPaths UP-TO-DATE
> Task :app:generateDebugResources UP-TO-DATE
> Task :app:mergeDebugResources UP-TO-DATE
> Task :app:packageDebugResources UP-TO-DATE
> Task :app:parseDebugLocalResources UP-TO-DATE
> Task :app:createDebugCompatibleScreenManifests UP-TO-DATE
> Task :app:extractDeepLinksDebug UP-TO-DATE
> Task :app:processDebugMainManifest UP-TO-DATE
> Task :app:processDebugManifest UP-TO-DATE
> Task :app:processDebugManifestForPackage UP-TO-DATE
> Task :app:processDebugResources UP-TO-DATE
> Task :app:compileDebugKotlin UP-TO-DATE
> Task :app:javaPreCompileDebug UP-TO-DATE
> Task :app:compileDebugJavaWithJavac UP-TO-DATE
> Task :app:bundleDebugClassesToCompileJar UP-TO-DATE
> Task :app:preDebugAndroidTestBuild SKIPPED
> Task :app:checkDebugAndroidTestAarMetadata UP-TO-DATE
> Task :app:processDebugAndroidTestNavigationResources UP-TO-DATE
> Task :app:compileDebugAndroidTestNavigationResources UP-TO-DATE
> Task :app:generateDebugAndroidTestResValues UP-TO-DATE
> Task :app:mapDebugAndroidTestSourceSetPaths UP-TO-DATE
> Task :app:generateDebugAndroidTestResources UP-TO-DATE
> Task :app:mergeDebugAndroidTestResources UP-TO-DATE
> Task :app:processDebugAndroidTestManifest UP-TO-DATE
> Task :app:processDebugAndroidTestResources UP-TO-DATE
> Task :app:compileDebugAndroidTestKotlin UP-TO-DATE
> Task :app:javaPreCompileDebugAndroidTest UP-TO-DATE
> Task :app:compileDebugAndroidTestJavaWithJavac NO-SOURCE
> Task :app:mergeDebugAndroidTestShaders UP-TO-DATE
> Task :app:compileDebugAndroidTestShaders NO-SOURCE
> Task :app:generateDebugAndroidTestAssets UP-TO-DATE
> Task :app:mergeDebugAndroidTestAssets UP-TO-DATE
> Task :app:compressDebugAndroidTestAssets UP-TO-DATE
> Task :app:processDebugAndroidTestJavaRes UP-TO-DATE
> Task :app:mergeDebugAndroidTestJavaResource UP-TO-DATE
> Task :app:checkDebugAndroidTestDuplicateClasses UP-TO-DATE
> Task :app:desugarDebugAndroidTestFileDependencies UP-TO-DATE
> Task :app:mergeExtDexDebugAndroidTest UP-TO-DATE
> Task :app:mergeLibDexDebugAndroidTest UP-TO-DATE
> Task :app:dexBuilderDebugAndroidTest UP-TO-DATE
> Task :app:mergeProjectDexDebugAndroidTest UP-TO-DATE
> Task :app:mergeDebugAndroidTestJniLibFolders UP-TO-DATE
> Task :app:mergeDebugJniLibFolders UP-TO-DATE
> Task :app:mergeDebugNativeLibs UP-TO-DATE
> Task :app:mergeDebugAndroidTestNativeLibs UP-TO-DATE
> Task :app:stripDebugAndroidTestDebugSymbols UP-TO-DATE
> Task :app:validateSigningDebugAndroidTest UP-TO-DATE
> Task :app:writeDebugAndroidTestSigningConfigVersions UP-TO-DATE
> Task :app:packageDebugAndroidTest UP-TO-DATE
> Task :app:createDebugAndroidTestApkListingFileRedirect UP-TO-DATE
> Task :app:assembleDebugAndroidTest UP-TO-DATE

BUILD SUCCESSFUL in 4s
51 actionable tasks: 51 up-to-date
ðŸ“Š Running Memory Performance Tests...
> Task :app:checkKotlinGradlePluginConfigurationErrors SKIPPED
> Task :app:preBuild UP-TO-DATE
> Task :app:preDebugBuild UP-TO-DATE
> Task :app:checkDebugAarMetadata UP-TO-DATE
> Task :app:processDebugNavigationResources UP-TO-DATE
> Task :app:compileDebugNavigationResources UP-TO-DATE
> Task :app:generateDebugResValues UP-TO-DATE
> Task :app:processDebugGoogleServices UP-TO-DATE
> Task :app:mapDebugSourceSetPaths UP-TO-DATE
> Task :app:generateDebugResources UP-TO-DATE
> Task :app:mergeDebugResources UP-TO-DATE
> Task :app:packageDebugResources UP-TO-DATE
> Task :app:parseDebugLocalResources UP-TO-DATE
> Task :app:createDebugCompatibleScreenManifests UP-TO-DATE
> Task :app:extractDeepLinksDebug UP-TO-DATE
> Task :app:processDebugMainManifest UP-TO-DATE
> Task :app:processDebugManifest UP-TO-DATE
> Task :app:processDebugManifestForPackage UP-TO-DATE
> Task :app:processDebugResources UP-TO-DATE
> Task :app:compileDebugKotlin UP-TO-DATE
> Task :app:javaPreCompileDebug UP-TO-DATE
> Task :app:compileDebugJavaWithJavac UP-TO-DATE
> Task :app:bundleDebugClassesToCompileJar UP-TO-DATE
> Task :app:preDebugAndroidTestBuild SKIPPED
> Task :app:checkDebugAndroidTestAarMetadata UP-TO-DATE
> Task :app:processDebugAndroidTestNavigationResources UP-TO-DATE
> Task :app:compileDebugAndroidTestNavigationResources UP-TO-DATE
> Task :app:generateDebugAndroidTestResValues UP-TO-DATE
> Task :app:mapDebugAndroidTestSourceSetPaths UP-TO-DATE
> Task :app:generateDebugAndroidTestResources UP-TO-DATE
> Task :app:mergeDebugAndroidTestResources UP-TO-DATE
> Task :app:processDebugAndroidTestManifest UP-TO-DATE
> Task :app:processDebugAndroidTestResources UP-TO-DATE
> Task :app:compileDebugAndroidTestKotlin UP-TO-DATE
> Task :app:javaPreCompileDebugAndroidTest UP-TO-DATE
> Task :app:compileDebugAndroidTestJavaWithJavac NO-SOURCE
> Task :app:mergeDebugShaders UP-TO-DATE
> Task :app:compileDebugShaders NO-SOURCE
> Task :app:generateDebugAssets UP-TO-DATE
> Task :app:mergeDebugAssets UP-TO-DATE
> Task :app:compressDebugAssets UP-TO-DATE
> Task :app:generateDebugJacocoPropertiesFile UP-TO-DATE
> Task :app:processDebugJavaRes UP-TO-DATE
> Task :app:mergeDebugJavaResource UP-TO-DATE
> Task :app:checkDebugDuplicateClasses UP-TO-DATE
> Task :app:desugarDebugFileDependencies UP-TO-DATE
> Task :app:mergeExtDexDebug UP-TO-DATE
> Task :app:mergeLibDexDebug UP-TO-DATE
> Task :app:jacocoDebug UP-TO-DATE
> Task :app:dexBuilderDebug UP-TO-DATE
> Task :app:mergeProjectDexDebug UP-TO-DATE
> Task :app:mergeDebugJniLibFolders UP-TO-DATE
> Task :app:mergeDebugNativeLibs UP-TO-DATE
> Task :app:stripDebugDebugSymbols UP-TO-DATE
> Task :app:validateSigningDebug UP-TO-DATE
> Task :app:writeDebugAppMetadata UP-TO-DATE
> Task :app:writeDebugSigningConfigVersions UP-TO-DATE
> Task :app:packageDebug UP-TO-DATE
> Task :app:createDebugApkListingFileRedirect UP-TO-DATE
> Task :app:mergeDebugAndroidTestShaders UP-TO-DATE
> Task :app:compileDebugAndroidTestShaders NO-SOURCE
> Task :app:generateDebugAndroidTestAssets UP-TO-DATE
> Task :app:mergeDebugAndroidTestAssets UP-TO-DATE
> Task :app:compressDebugAndroidTestAssets UP-TO-DATE
> Task :app:processDebugAndroidTestJavaRes UP-TO-DATE
> Task :app:mergeDebugAndroidTestJavaResource UP-TO-DATE
> Task :app:checkDebugAndroidTestDuplicateClasses UP-TO-DATE
> Task :app:desugarDebugAndroidTestFileDependencies UP-TO-DATE
> Task :app:mergeExtDexDebugAndroidTest UP-TO-DATE
> Task :app:mergeLibDexDebugAndroidTest UP-TO-DATE
> Task :app:dexBuilderDebugAndroidTest UP-TO-DATE
> Task :app:mergeProjectDexDebugAndroidTest UP-TO-DATE
> Task :app:mergeDebugAndroidTestJniLibFolders UP-TO-DATE
> Task :app:mergeDebugAndroidTestNativeLibs UP-TO-DATE
> Task :app:stripDebugAndroidTestDebugSymbols UP-TO-DATE
> Task :app:validateSigningDebugAndroidTest UP-TO-DATE
> Task :app:writeDebugAndroidTestSigningConfigVersions UP-TO-DATE
> Task :app:packageDebugAndroidTest UP-TO-DATE
> Task :app:createDebugAndroidTestApkListingFileRedirect UP-TO-DATE
> Task :app:connectedDebugAndroidTest
Starting 4 tests on SM-A057F - 15

SM-A057F - 15 Tests 0/4 completed. (0 skipped) (0 failed)
SM-A057F - 15 Tests 1/4 completed. (0 skipped) (0 failed)
SM-A057F - 15 Tests 2/4 completed. (0 skipped) (0 failed)
SM-A057F - 15 Tests 3/4 completed. (0 skipped) (0 failed)
Finished 4 tests on SM-A057F - 15

> Task :app:connectedDebugAndroidTest
Logcat of last crash: 
Process: com.example.datingapp.test, PID: 12435
java.lang.RuntimeException: Unable to get provider androidx.startup.InitializationProvider: java.lang.ClassNotFoundException: Didn't find class "androidx.startup.InitializationProvider" on path: DexPathList[[zip file "/data/app/~~-hlVhgadirzAfOerx0eckQ==/com.example.datingapp.test-Sd1aEAdDIhLwqNCggsfNvg==/base.apk"],nativeLibraryDirectories=[/data/app/~~-hlVhgadirzAfOerx0eckQ==/com.example.datingapp.test-Sd1aEAdDIhLwqNCggsfNvg==/lib/arm64, /data/app/~~-hlVhgadirzAfOerx0eckQ==/com.example.datingapp.test-Sd1aEAdDIhLwqNCggsfNvg==/base.apk!/lib/arm64-v8a, /system/lib64, /system_ext/lib64]]
	at android.app.ActivityThread.installProvider(ActivityThread.java:9205)
	at android.app.ActivityThread.installContentProviders(ActivityThread.java:8702)
	at android.app.ActivityThread.handleBindApplication(ActivityThread.java:8344)
	at android.app.ActivityThread.-$$Nest$mhandleBindApplication(Unknown Source:0)
	at android.app.ActivityThread$H.handleMessage(ActivityThread.java:2679)
	at android.os.Handler.dispatchMessage(Handler.java:107)
	at android.os.Looper.loopOnce(Looper.java:257)
	at android.os.Looper.loop(Looper.java:342)
	at android.app.ActivityThread.main(ActivityThread.java:9638)
	at java.lang.reflect.Method.invoke(Native Method)
	at com.android.internal.os.RuntimeInit$MethodAndArgsCaller.run(RuntimeInit.java:619)
	at com.android.internal.os.ZygoteInit.main(ZygoteInit.java:929)
Caused by: java.lang.ClassNotFoundException: Didn't find class "androidx.startup.InitializationProvider" on path: DexPathList[[zip file "/data/app/~~-hlVhgadirzAfOerx0eckQ==/com.example.datingapp.test-Sd1aEAdDIhLwqNCggsfNvg==/base.apk"],nativeLibraryDirectories=[/data/app/~~-hlVhgadirzAfOerx0eckQ==/com.example.datingapp.test-Sd1aEAdDIhLwqNCggsfNvg==/lib/arm64, /data/app/~~-hlVhgadirzAfOerx0eckQ==/com.example.datingapp.test-Sd1aEAdDIhLwqNCggsfNvg==/base.apk!/lib/arm64-v8a, /system/lib64, /system_ext/lib64]]
	at dalvik.system.BaseDexClassLoader.findClass(BaseDexClassLoader.java:259)
	at java.lang.ClassLoader.loadClass(ClassLoader.java:637)
	at java.lang.ClassLoader.loadClass(ClassLoader.java:573)
	at android.app.AppComponentFactory.instantiateProvider(AppComponentFactory.java:147)
	at android.app.ActivityThread.installProvider(ActivityThread.java:9189)
	... 11 more


BUILD SUCCESSFUL in 4m
71 actionable tasks: 1 executed, 70 up-to-date

âœ… Performance tests completed successfully

ðŸ“Š View results:
  - Macrobenchmark: app\build\outputs\connected_android_test_additional_output\
  - Test Reports: app\build\reports\androidTests\
[5/12] App Startup Benchmarks
ðŸš€ Running Macrobenchmark Tests...

âš ï¸  LÆ°u Ã½: Macrobenchmark yÃªu cáº§u non-debuggable build

âœ… Device connected
ðŸ§¹ Cleaning build...
> Task :app:clean

BUILD SUCCESSFUL in 3s
1 actionable task: 1 executed
continuing was unexpected at this time.

========================================
Continuing tests at Sat 11/08/2025 21:00:06.52
========================================

[5/12] App Startup Benchmarks
ðŸš€ Running Macrobenchmark Tests...

âš ï¸  LÆ°u Ã½: Macrobenchmark yÃªu cáº§u non-debuggable build

âœ… Device connected
ðŸ§¹ Cleaning build...
> Task :app:clean UP-TO-DATE

BUILD SUCCESSFUL in 4s
1 actionable task: 1 up-to-date
continuing was unexpected at this time.

========================================
Continuing tests at Sat 11/08/2025 21:04:00.52
========================================

[5/12] App Startup Benchmarks
ðŸš€ Running Macrobenchmark Tests...

âš ï¸  LÆ°u Ã½: Macrobenchmark yÃªu cáº§u non-debuggable build

âœ… Device connected
ðŸ§¹ Cleaning build...
> Task :app:clean UP-TO-DATE

BUILD SUCCESSFUL in 2s
1 actionable task: 1 up-to-date
continuing was unexpected at this time.

========================================
Continuing tests at Sat 11/08/2025 21:39:51.59
========================================

[5/12] App Startup Benchmarks
ðŸš€ Running Macrobenchmark Tests...

âš ï¸  LÆ°u Ã½: Macrobenchmark yÃªu cáº§u non-debuggable build

âœ… Device connected
ðŸ—‘ï¸  Uninstalling existing app (if any)...
ðŸ§¹ Cleaning build...
> Task :app:clean FAILED
1 actionable task: 1 executed
continuing was unexpected at this time.

========================================
Continuing tests at Sat 11/08/2025 21:40:06.44
========================================

[5/12] App Startup Benchmarks
ðŸš€ Running Macrobenchmark Tests...

âš ï¸  LÆ°u Ã½: Macrobenchmark yÃªu cáº§u non-debuggable build

âœ… Device connected
ðŸ—‘ï¸  Uninstalling existing app (if any)...
ðŸ§¹ Cleaning build...
> Task :app:clean FAILED
1 actionable task: 1 executed
continuing was unexpected at this time.

========================================
Continuing tests at Sat 11/08/2025 21:40:45.26
========================================

[5/12] App Startup Benchmarks
ðŸš€ Running Macrobenchmark Tests...

âš ï¸  LÆ°u Ã½: Macrobenchmark yÃªu cáº§u non-debuggable build

âœ… Device connected
ðŸ—‘ï¸  Uninstalling existing app (if any)...
ðŸ§¹ Cleaning build...
> Task :app:clean FAILED
1 actionable task: 1 executed
continuing was unexpected at this time.

========================================
Continuing tests at Sat 11/08/2025 21:42:22.25
========================================

[5/12] App Startup Benchmarks
ðŸš€ Running Macrobenchmark Tests...

âš ï¸  LÆ°u Ã½: Macrobenchmark yÃªu cáº§u non-debuggable build

âœ… Device connected
ðŸ—‘ï¸  Uninstalling existing app (if any)...
ERROR: Input redirection is not supported, exiting the process immediately.
ðŸ§¹ Cleaning build...
> Task :app:clean FAILED
1 actionable task: 1 executed
continuing was unexpected at this time.

========================================
Continuing tests at Sat 11/08/2025 21:52:23.86
========================================

[5/12] App Startup Benchmarks
ðŸš€ Running Macrobenchmark Tests...

âš ï¸  LÆ°u Ã½: Macrobenchmark yÃªu cáº§u non-debuggable build

âœ… Device connected
ðŸ—‘ï¸  Uninstalling existing app (if any)...
ERROR: Input redirection is not supported, exiting the process immediately.
ðŸ§¹ Cleaning build...
> Task :app:clean FAILED
1 actionable task: 1 executed
continuing was unexpected at this time.

========================================
Continuing tests at Sat 11/08/2025 21:55:58.40
========================================

[5/12] App Startup Benchmarks
ðŸš€ Running Macrobenchmark Tests...

âš ï¸  LÆ°u Ã½: Macrobenchmark yÃªu cáº§u non-debuggable build

âœ… Device connected
ðŸ—‘ï¸  Uninstalling existing app (if any)...
ðŸ§¹ Cleaning build...
> Task :app:clean

BUILD SUCCESSFUL in 1s
1 actionable task: 1 executed
continuing was unexpected at this time.

========================================
Continuing tests at Sat 11/08/2025 21:56:48.95
========================================

[5/12] App Startup Benchmarks
ðŸš€ Running Macrobenchmark Tests...

âš ï¸  LÆ°u Ã½: Macrobenchmark yÃªu cáº§u non-debuggable build

âœ… Device connected
ðŸ—‘ï¸  Uninstalling existing app (if any)...
ðŸ§¹ Cleaning build...
> Task :app:clean UP-TO-DATE

BUILD SUCCESSFUL in 1s
1 actionable task: 1 up-to-date
continuing was unexpected at this time.

========================================
Continuing tests at Sat 11/08/2025 21:58:09.37
========================================


========================================
Continuing tests at Sat 11/08/2025 22:03:05.49
========================================

[5/12] App Startup Benchmarks
ðŸš€ Running Macrobenchmark Tests...

âš ï¸  LÆ°u Ã½: Macrobenchmark yÃªu cáº§u non-debuggable build

âœ… Device connected
ðŸ—‘ï¸  Uninstalling existing app (if any)...
ERROR: Input redirection is not supported, exiting the process immediately.
ðŸ§¹ Cleaning build...
> Task :app:clean UP-TO-DATE

BUILD SUCCESSFUL in 1s
1 actionable task: 1 up-to-date
continuing was unexpected at this time.
 
======================================== 
Continuing tests 
======================================== 
 
[5/12] App Startup Benchmarks
ðŸš€ Running Macrobenchmark Tests...

âš ï¸  LÆ°u Ã½: Macrobenchmark yÃªu cáº§u non-debuggable build

âœ… Device connected
ðŸ—‘ï¸  Uninstalling existing app (if any)...
ERROR: Input redirection is not supported, exiting the process immediately.
ðŸ§¹ Cleaning build...
> Task :app:clean UP-TO-DATE

BUILD SUCCESSFUL in 921ms
1 actionable task: 1 up-to-date
continuing was unexpected at this time.
 
======================================== 
Continuing tests 
======================================== 
 
[5/12] App Startup Benchmarks
ðŸš€ Running Macrobenchmark Tests...

âš ï¸  LÆ°u Ã½: Macrobenchmark yÃªu cáº§u non-debuggable build

âœ… Device connected
ðŸ—‘ï¸  Uninstalling existing app (if any)...
ERROR: Input redirection is not supported, exiting the process immediately.
ðŸ§¹ Cleaning build...
> Task :app:clean UP-TO-DATE

BUILD SUCCESSFUL in 969ms
1 actionable task: 1 up-to-date
but was unexpected at this time.
 
======================================== 
Restarting tests 
======================================== 
 
[5/12] App Startup Benchmarks 
ðŸš€ Running Macrobenchmark Tests...

âš ï¸  LÆ°u Ã½: Macrobenchmark yÃªu cáº§u non-debuggable build

âœ… Device connected
ðŸ—‘ï¸  Uninstalling existing app (if any)...
ERROR: Input redirection is not supported, exiting the process immediately.
ðŸ§¹ Cleaning build...
> Task :app:clean UP-TO-DATE

BUILD SUCCESSFUL in 2s
1 actionable task: 1 up-to-date
ðŸ”¨ Building benchmark variant (non-debuggable)...
   This may take a few minutes...
> Task :app:preBuild UP-TO-DATE
> Task :app:preBenchmarkBuild UP-TO-DATE
> Task :app:mergeBenchmarkJniLibFolders
> Task :app:desugarBenchmarkFileDependencies
> Task :app:buildKotlinToolingMetadata
> Task :app:checkKotlinGradlePluginConfigurationErrors SKIPPED
> Task :app:mergeBenchmarkArtProfile
> Task :app:checkBenchmarkAarMetadata
> Task :app:processBenchmarkNavigationResources
> Task :app:compileBenchmarkNavigationResources
> Task :app:generateBenchmarkResValues
> Task :app:processBenchmarkGoogleServices
> Task :app:mapBenchmarkSourceSetPaths
> Task :app:generateBenchmarkResources
> Task :app:mergeBenchmarkNativeLibs
> Task :app:packageBenchmarkResources
> Task :app:createBenchmarkCompatibleScreenManifests
> Task :app:extractDeepLinksBenchmark
> Task :app:parseBenchmarkLocalResources

> Task :app:processBenchmarkMainManifest
[io.agora.rtc:voice-sdk:4.5.0] C:\Users\Acer\.gradle\caches\8.13\transforms\249acb9f8ec0e146eda6a28b94715e0a\transformed\voice-sdk-4.5.0\AndroidManifest.xml Warning:
	Namespace 'io.agora.rtc' is used in multiple modules and/or libraries: io.agora.rtc:voice-sdk:4.5.0, io.agora.rtc:voice-rtc-basic:4.5.0, io.agora.rtc:ains:4.5.0, io.agora.rtc:ains-ll:4.5.0, io.agora.rtc:audio-beauty:4.5.0, io.agora.rtc:spatial-audio:4.5.0, io.agora.rtc:aiaec:4.5.0, io.agora.rtc:aiaec-ll:4.5.0, io.agora.rtc:full-voice-drive:4.5.0, io.agora.infra:aosl:1.2.13. Please ensure that all modules and libraries have a unique namespace. For more information, See https://developer.android.com/studio/build/configure-app-module#set-namespace

> Task :app:processBenchmarkManifest
> Task :app:javaPreCompileBenchmark
> Task :app:mergeBenchmarkStartupProfile UP-TO-DATE
> Task :app:mergeBenchmarkShaders
> Task :app:compileBenchmarkShaders NO-SOURCE
> Task :app:generateBenchmarkAssets UP-TO-DATE
> Task :app:checkBenchmarkDuplicateClasses
> Task :app:mergeBenchmarkAssets

> Task :app:stripBenchmarkDebugSymbols
Unable to strip the following libraries, packaging them as they are: libagora-fdkaac.so, libagora-ffmpeg.so, libagora-rtc-sdk.so, libagora-soundtouch.so, libagora_ai_echo_cancellation_extension.so, libagora_ai_echo_cancellation_ll_extension.so, libagora_ai_noise_suppression_extension.so, libagora_ai_noise_suppression_ll_extension.so, libagora_audio_beauty_extension.so, libagora_lip_sync_extension.so, libagora_spatial_audio_extension.so, libandroidx.graphics.path.so, libaosl.so, libbarhopper_v3.so, libdatastore_shared_counter.so, libimage_processing_util_jni.so, libimagepipeline.so, libnative-filters.so, libnative-imagetranscoder.so. Run with --info option to learn more.

> Task :app:extractBenchmarkNativeSymbolTables
> Task :app:extractBenchmarkVersionControlInfo
> Task :app:mergeBenchmarkNativeDebugMetadata NO-SOURCE
> Task :app:compressBenchmarkAssets
> Task :app:extractProguardFiles
> Task :app:mergeBenchmarkResources
> Task :app:collectBenchmarkDependencies
> Task :app:sdkBenchmarkDependencyData
> Task :app:validateSigningBenchmark
> Task :app:writeBenchmarkAppMetadata
> Task :app:writeBenchmarkSigningConfigVersions
> Task :app:processBenchmarkManifestForPackage
> Task :app:processBenchmarkResources
> Task :app:optimizeBenchmarkResources
> Task :app:mergeExtDexBenchmark

> Task :app:compileBenchmarkKotlin
w: file:///E:/UET/Project/Dating_App_Mobile_Project/app/src/main/java/com/example/atry/MainActivity.kt:105:18 This declaration overrides a deprecated member but is not marked as deprecated itself. Please add the '@Deprecated' annotation or suppress the diagnostic.
w: file:///E:/UET/Project/Dating_App_Mobile_Project/app/src/main/java/com/example/atry/MainActivity.kt:106:15 'fun onRequestPermissionsResult(requestCode: Int, permissions: Array<String>, grantResults: IntArray): Unit' is deprecated. This method has been deprecated in favor of using the Activity Result API
      which brings increased type safety via an {@link ActivityResultContract} and the prebuilt
      contracts for common intents available in
      {@link androidx.activity.result.contract.ActivityResultContracts}, provides hooks for
      testing, and allow receiving results in separate, testable classes independent from your
      activity. Use
      {@link #registerForActivityResult(ActivityResultContract, ActivityResultCallback)} passing
      in a {@link RequestMultiplePermissions} object for the {@link ActivityResultContract} and
      handling the result in the {@link ActivityResultCallback#onActivityResult(Object) callback}.
w: file:///E:/UET/Project/Dating_App_Mobile_Project/app/src/main/java/com/example/atry/data/singleton/LanguageSingleton.kt:16:37 'constructor(p0: String!): Locale' is deprecated. Deprecated in Java.
w: file:///E:/UET/Project/Dating_App_Mobile_Project/app/src/main/java/com/example/atry/data/singleton/LanguageSingleton.kt:16:55 'constructor(p0: String!): Locale' is deprecated. Deprecated in Java.
w: file:///E:/UET/Project/Dating_App_Mobile_Project/app/src/main/java/com/example/atry/data/singleton/LanguageSingleton.kt:23:27 'fun updateConfiguration(p0: Configuration!, p1: DisplayMetrics!): Unit' is deprecated. Deprecated in Java.
w: file:///E:/UET/Project/Dating_App_Mobile_Project/app/src/main/java/com/example/atry/ui/components/qr/QrCamScanner.kt:81:26 'val LocalLifecycleOwner: ProvidableCompositionLocal<LifecycleOwner>' is deprecated. Moved to lifecycle-runtime-compose library in androidx.lifecycle.compose package.
w: file:///E:/UET/Project/Dating_App_Mobile_Project/app/src/main/java/com/example/atry/ui/components/tutorials/SwipeTutorial.kt:118:85 'fun EnterTransition.with(exit: ExitTransition): ContentTransform' is deprecated. Infix fun EnterTransition.with(ExitTransition) has been renamed to togetherWith.
w: file:///E:/UET/Project/Dating_App_Mobile_Project/app/src/main/java/com/example/atry/ui/components/tutorials/SwipeTutorial.kt:121:86 'fun EnterTransition.with(exit: ExitTransition): ContentTransform' is deprecated. Infix fun EnterTransition.with(ExitTransition) has been renamed to togetherWith.
w: file:///E:/UET/Project/Dating_App_Mobile_Project/app/src/main/java/com/example/atry/ui/screens/functionalScreens/aiChatBot/chatComponents/AiChatScreenFooter.kt:53:44 'val Icons.Filled.Send: ImageVector' is deprecated. Use the AutoMirrored version at Icons.AutoMirrored.Filled.Send.
w: file:///E:/UET/Project/Dating_App_Mobile_Project/app/src/main/java/com/example/atry/ui/screens/functionalScreens/chat/chatComponents/ChatScreenFooter.kt:171:35 'val Icons.Filled.Send: ImageVector' is deprecated. Use the AutoMirrored version at Icons.AutoMirrored.Filled.Send.
w: file:///E:/UET/Project/Dating_App_Mobile_Project/app/src/main/java/com/example/atry/ui/screens/functionalScreens/detailedProfile/detailedProfileComponents/DetailInfo.kt:98:9 'fun Divider(modifier: Modifier = ..., thickness: Dp = ..., color: Color = ...): Unit' is deprecated. Renamed to HorizontalDivider.
w: file:///E:/UET/Project/Dating_App_Mobile_Project/app/src/main/java/com/example/atry/ui/screens/functionalScreens/detailedProfile/detailedProfileComponents/DetailInfo.kt:101:9 'fun Divider(modifier: Modifier = ..., thickness: Dp = ..., color: Color = ...): Unit' is deprecated. Renamed to HorizontalDivider.
w: file:///E:/UET/Project/Dating_App_Mobile_Project/app/src/main/java/com/example/atry/ui/screens/functionalScreens/detailedProfile/detailedProfileComponents/DetailInfo.kt:105:9 'fun Divider(modifier: Modifier = ..., thickness: Dp = ..., color: Color = ...): Unit' is deprecated. Renamed to HorizontalDivider.
w: file:///E:/UET/Project/Dating_App_Mobile_Project/app/src/main/java/com/example/atry/ui/screens/functionalScreens/detailedProfile/detailedProfileComponents/DetailInfo.kt:109:9 'fun Divider(modifier: Modifier = ..., thickness: Dp = ..., color: Color = ...): Unit' is deprecated. Renamed to HorizontalDivider.
w: file:///E:/UET/Project/Dating_App_Mobile_Project/app/src/main/java/com/example/atry/ui/screens/functionalScreens/detailedProfile/detailedProfileComponents/DetailInfo.kt:113:9 'fun Divider(modifier: Modifier = ..., thickness: Dp = ..., color: Color = ...): Unit' is deprecated. Renamed to HorizontalDivider.
w: file:///E:/UET/Project/Dating_App_Mobile_Project/app/src/main/java/com/example/atry/ui/screens/functionalScreens/detailedProfile/detailedProfileComponents/DetailInfo.kt:117:9 'fun Divider(modifier: Modifier = ..., thickness: Dp = ..., color: Color = ...): Unit' is deprecated. Renamed to HorizontalDivider.
w: file:///E:/UET/Project/Dating_App_Mobile_Project/app/src/main/java/com/example/atry/ui/screens/functionalScreens/detailedProfile/detailedProfileComponents/DetailedProfileImage.kt:119:35 'val Icons.Filled.KeyboardArrowLeft: ImageVector' is deprecated. Use the AutoMirrored version at Icons.AutoMirrored.Filled.KeyboardArrowLeft.
w: file:///E:/UET/Project/Dating_App_Mobile_Project/app/src/main/java/com/example/atry/ui/screens/functionalScreens/detailedProfile/detailedProfileComponents/DetailedProfileImage.kt:137:35 'val Icons.Filled.KeyboardArrowRight: ImageVector' is deprecated. Use the AutoMirrored version at Icons.AutoMirrored.Filled.KeyboardArrowRight.
w: file:///E:/UET/Project/Dating_App_Mobile_Project/app/src/main/java/com/example/atry/ui/screens/functionalScreens/matchedDetailedProfile/matchedDetailedProfileComponents/DetailInfo.kt:82:9 'fun Divider(modifier: Modifier = ..., thickness: Dp = ..., color: Color = ...): Unit' is deprecated. Renamed to HorizontalDivider.
w: file:///E:/UET/Project/Dating_App_Mobile_Project/app/src/main/java/com/example/atry/ui/screens/functionalScreens/matchedDetailedProfile/matchedDetailedProfileComponents/DetailInfo.kt:85:9 'fun Divider(modifier: Modifier = ..., thickness: Dp = ..., color: Color = ...): Unit' is deprecated. Renamed to HorizontalDivider.
w: file:///E:/UET/Project/Dating_App_Mobile_Project/app/src/main/java/com/example/atry/ui/screens/functionalScreens/matchedDetailedProfile/matchedDetailedProfileComponents/DetailInfo.kt:89:9 'fun Divider(modifier: Modifier = ..., thickness: Dp = ..., color: Color = ...): Unit' is deprecated. Renamed to HorizontalDivider.
w: file:///E:/UET/Project/Dating_App_Mobile_Project/app/src/main/java/com/example/atry/ui/screens/functionalScreens/matchedDetailedProfile/matchedDetailedProfileComponents/DetailInfo.kt:93:9 'fun Divider(modifier: Modifier = ..., thickness: Dp = ..., color: Color = ...): Unit' is deprecated. Renamed to HorizontalDivider.
w: file:///E:/UET/Project/Dating_App_Mobile_Project/app/src/main/java/com/example/atry/ui/screens/functionalScreens/matchedDetailedProfile/matchedDetailedProfileComponents/DetailInfo.kt:97:9 'fun Divider(modifier: Modifier = ..., thickness: Dp = ..., color: Color = ...): Unit' is deprecated. Renamed to HorizontalDivider.
w: file:///E:/UET/Project/Dating_App_Mobile_Project/app/src/main/java/com/example/atry/ui/screens/functionalScreens/matchedDetailedProfile/matchedDetailedProfileComponents/DetailInfo.kt:101:9 'fun Divider(modifier: Modifier = ..., thickness: Dp = ..., color: Color = ...): Unit' is deprecated. Renamed to HorizontalDivider.
w: file:///E:/UET/Project/Dating_App_Mobile_Project/app/src/main/java/com/example/atry/ui/screens/functionalScreens/matchedDetailedProfile/matchedDetailedProfileComponents/DetailedProfileImage.kt:113:35 'val Icons.Filled.KeyboardArrowLeft: ImageVector' is deprecated. Use the AutoMirrored version at Icons.AutoMirrored.Filled.KeyboardArrowLeft.
w: file:///E:/UET/Project/Dating_App_Mobile_Project/app/src/main/java/com/example/atry/ui/screens/functionalScreens/matchedDetailedProfile/matchedDetailedProfileComponents/DetailedProfileImage.kt:130:35 'val Icons.Filled.KeyboardArrowRight: ImageVector' is deprecated. Use the AutoMirrored version at Icons.AutoMirrored.Filled.KeyboardArrowRight.
w: file:///E:/UET/Project/Dating_App_Mobile_Project/app/src/main/java/com/example/atry/ui/screens/functionalScreens/myProfile/MyProfileScreen.kt:63:25 'fun quadraticBezierTo(x1: Float, y1: Float, x2: Float, y2: Float): Unit' is deprecated. Use quadraticTo() for consistency with cubicTo().
w: file:///E:/UET/Project/Dating_App_Mobile_Project/app/src/main/java/com/example/atry/viewmodel/auth/UserInfoSetupViewModel.kt:70:17 Condition is always 'true'.
w: file:///E:/UET/Project/Dating_App_Mobile_Project/app/src/main/java/com/example/atry/viewmodel/functional/EditProfileViewModel.kt:58:17 Condition is always 'true'.
w: file:///E:/UET/Project/Dating_App_Mobile_Project/app/src/main/java/com/example/atry/viewmodel/functional/SendViewModel.kt:109:26 'fun resume(value: String, onCancellation: ((@ParameterName(...) Throwable) -> Unit)?): Unit' is deprecated. Use the overload that also accepts the `value` and the coroutine context in lambda.

> Task :app:compileBenchmarkJavaWithJavac
Note: Some input files use unchecked or unsafe operations.
Note: Recompile with -Xlint:unchecked for details.

> Task :app:dexBuilderBenchmark
> Task :app:mergeBenchmarkGlobalSynthetics
> Task :app:generateBenchmarkLintVitalReportModel
> Task :app:processBenchmarkJavaRes
> Task :app:mergeBenchmarkJavaResource
> Task :app:mergeDexBenchmark
> Task :app:compileBenchmarkArtProfile
> Task :app:lintVitalAnalyzeBenchmark
> Task :app:lintVitalReportBenchmark
> Task :app:lintVitalBenchmark
> Task :app:packageBenchmark
> Task :app:createBenchmarkApkListingFileRedirect
> Task :app:assembleBenchmark

[Incubating] Problems report is available at: file:///E:/UET/Project/Dating_App_Mobile_Project/build/reports/problems/problems-report.html

BUILD SUCCESSFUL in 1m 29s
52 actionable tasks: 51 executed, 1 up-to-date
âœ… Benchmark variant built successfully
ðŸ“¦ Installing benchmark APK (non-debuggable)...
> Task :app:preBuild UP-TO-DATE
> Task :app:preBenchmarkBuild UP-TO-DATE
> Task :app:mergeBenchmarkArtProfile UP-TO-DATE
> Task :app:desugarBenchmarkFileDependencies UP-TO-DATE
> Task :app:buildKotlinToolingMetadata UP-TO-DATE
> Task :app:checkKotlinGradlePluginConfigurationErrors SKIPPED
> Task :app:checkBenchmarkAarMetadata UP-TO-DATE
> Task :app:processBenchmarkNavigationResources UP-TO-DATE
> Task :app:compileBenchmarkNavigationResources UP-TO-DATE
> Task :app:generateBenchmarkResValues UP-TO-DATE
> Task :app:processBenchmarkGoogleServices UP-TO-DATE
> Task :app:mapBenchmarkSourceSetPaths UP-TO-DATE
> Task :app:generateBenchmarkResources UP-TO-DATE
> Task :app:mergeBenchmarkResources UP-TO-DATE
> Task :app:packageBenchmarkResources UP-TO-DATE
> Task :app:parseBenchmarkLocalResources UP-TO-DATE
> Task :app:createBenchmarkCompatibleScreenManifests UP-TO-DATE
> Task :app:extractDeepLinksBenchmark UP-TO-DATE
> Task :app:processBenchmarkMainManifest UP-TO-DATE
> Task :app:processBenchmarkManifest UP-TO-DATE
> Task :app:processBenchmarkManifestForPackage UP-TO-DATE
> Task :app:processBenchmarkResources UP-TO-DATE
> Task :app:compileBenchmarkKotlin UP-TO-DATE
> Task :app:javaPreCompileBenchmark UP-TO-DATE
> Task :app:compileBenchmarkJavaWithJavac UP-TO-DATE
> Task :app:dexBuilderBenchmark UP-TO-DATE
> Task :app:mergeBenchmarkGlobalSynthetics UP-TO-DATE
> Task :app:checkBenchmarkDuplicateClasses UP-TO-DATE
> Task :app:mergeBenchmarkStartupProfile UP-TO-DATE
> Task :app:mergeExtDexBenchmark UP-TO-DATE
> Task :app:mergeDexBenchmark UP-TO-DATE
> Task :app:compileBenchmarkArtProfile UP-TO-DATE
> Task :app:mergeBenchmarkShaders UP-TO-DATE
> Task :app:compileBenchmarkShaders NO-SOURCE
> Task :app:generateBenchmarkAssets UP-TO-DATE
> Task :app:mergeBenchmarkAssets UP-TO-DATE
> Task :app:compressBenchmarkAssets UP-TO-DATE
> Task :app:extractBenchmarkVersionControlInfo UP-TO-DATE
> Task :app:extractProguardFiles UP-TO-DATE
> Task :app:generateBenchmarkLintVitalReportModel UP-TO-DATE
> Task :app:lintVitalAnalyzeBenchmark UP-TO-DATE
> Task :app:lintVitalReportBenchmark UP-TO-DATE
> Task :app:lintVitalBenchmark
> Task :app:processBenchmarkJavaRes UP-TO-DATE
> Task :app:mergeBenchmarkJavaResource UP-TO-DATE
> Task :app:optimizeBenchmarkResources UP-TO-DATE
> Task :app:collectBenchmarkDependencies UP-TO-DATE
> Task :app:sdkBenchmarkDependencyData UP-TO-DATE
> Task :app:mergeBenchmarkJniLibFolders UP-TO-DATE
> Task :app:mergeBenchmarkNativeLibs UP-TO-DATE
> Task :app:stripBenchmarkDebugSymbols UP-TO-DATE
> Task :app:validateSigningBenchmark UP-TO-DATE
> Task :app:writeBenchmarkAppMetadata UP-TO-DATE
> Task :app:writeBenchmarkSigningConfigVersions UP-TO-DATE
> Task :app:packageBenchmark UP-TO-DATE
> Task :app:createBenchmarkApkListingFileRedirect UP-TO-DATE

> Task :app:installBenchmark
Installing APK 'app-benchmark.apk, app-benchmark.dm' on 'SM-A057F - 15' for :app:benchmark
Installed on 1 device.

BUILD SUCCESSFUL in 25s
52 actionable tasks: 2 executed, 50 up-to-date
â³ Waiting for installation to complete...
ERROR: Input redirection is not supported, exiting the process immediately.
ðŸ” Verifying benchmark APK installation...
ðŸ” Checking if app is non-debuggable...
âœ… Benchmark APK installed (non-debuggable)
ðŸ”¨ Building test APK...
> Task :app:checkKotlinGradlePluginConfigurationErrors SKIPPED
> Task :app:preBuild UP-TO-DATE
> Task :app:preDebugBuild UP-TO-DATE
> Task :app:checkDebugAarMetadata
> Task :app:processDebugNavigationResources
> Task :app:compileDebugNavigationResources
> Task :app:generateDebugResValues
> Task :app:processDebugGoogleServices
> Task :app:mapDebugSourceSetPaths
> Task :app:generateDebugResources
> Task :app:packageDebugResources
> Task :app:createDebugCompatibleScreenManifests
> Task :app:extractDeepLinksDebug
> Task :app:parseDebugLocalResources

> Task :app:processDebugMainManifest
[io.agora.rtc:voice-sdk:4.5.0] C:\Users\Acer\.gradle\caches\8.13\transforms\249acb9f8ec0e146eda6a28b94715e0a\transformed\voice-sdk-4.5.0\AndroidManifest.xml Warning:
	Namespace 'io.agora.rtc' is used in multiple modules and/or libraries: io.agora.rtc:voice-sdk:4.5.0, io.agora.rtc:voice-rtc-basic:4.5.0, io.agora.rtc:ains:4.5.0, io.agora.rtc:ains-ll:4.5.0, io.agora.rtc:audio-beauty:4.5.0, io.agora.rtc:spatial-audio:4.5.0, io.agora.rtc:aiaec:4.5.0, io.agora.rtc:aiaec-ll:4.5.0, io.agora.rtc:full-voice-drive:4.5.0, io.agora.infra:aosl:1.2.13. Please ensure that all modules and libraries have a unique namespace. For more information, See https://developer.android.com/studio/build/configure-app-module#set-namespace

> Task :app:processDebugManifest
> Task :app:javaPreCompileDebug
> Task :app:processDebugManifestForPackage
> Task :app:preDebugAndroidTestBuild SKIPPED
> Task :app:processDebugAndroidTestNavigationResources
> Task :app:checkDebugAndroidTestAarMetadata
> Task :app:compileDebugAndroidTestNavigationResources
> Task :app:generateDebugAndroidTestResValues
> Task :app:mapDebugAndroidTestSourceSetPaths
> Task :app:generateDebugAndroidTestResources
> Task :app:mergeDebugResources
> Task :app:mergeDebugAndroidTestResources
> Task :app:processDebugAndroidTestManifest
> Task :app:javaPreCompileDebugAndroidTest
> Task :app:mergeDebugAndroidTestShaders
> Task :app:compileDebugAndroidTestShaders NO-SOURCE
> Task :app:generateDebugAndroidTestAssets UP-TO-DATE
> Task :app:mergeDebugAndroidTestAssets
> Task :app:desugarDebugAndroidTestFileDependencies
> Task :app:checkDebugAndroidTestDuplicateClasses
> Task :app:mergeDebugAndroidTestJniLibFolders
> Task :app:mergeDebugJniLibFolders
> Task :app:mergeLibDexDebugAndroidTest
> Task :app:validateSigningDebugAndroidTest
> Task :app:writeDebugAndroidTestSigningConfigVersions
> Task :app:processDebugAndroidTestResources
> Task :app:compressDebugAndroidTestAssets
> Task :app:mergeExtDexDebugAndroidTest
> Task :app:mergeDebugNativeLibs
> Task :app:mergeDebugAndroidTestNativeLibs

> Task :app:stripDebugAndroidTestDebugSymbols
Unable to strip the following libraries, packaging them as they are: libbenchmarkNative.so, libtracing_perfetto.so. Run with --info option to learn more.

> Task :app:processDebugResources

> Task :app:compileDebugKotlin
w: file:///E:/UET/Project/Dating_App_Mobile_Project/app/src/main/java/com/example/atry/MainActivity.kt:105:18 This declaration overrides a deprecated member but is not marked as deprecated itself. Please add the '@Deprecated' annotation or suppress the diagnostic.
w: file:///E:/UET/Project/Dating_App_Mobile_Project/app/src/main/java/com/example/atry/MainActivity.kt:106:15 'fun onRequestPermissionsResult(requestCode: Int, permissions: Array<String>, grantResults: IntArray): Unit' is deprecated. This method has been deprecated in favor of using the Activity Result API
      which brings increased type safety via an {@link ActivityResultContract} and the prebuilt
      contracts for common intents available in
      {@link androidx.activity.result.contract.ActivityResultContracts}, provides hooks for
      testing, and allow receiving results in separate, testable classes independent from your
      activity. Use
      {@link #registerForActivityResult(ActivityResultContract, ActivityResultCallback)} passing
      in a {@link RequestMultiplePermissions} object for the {@link ActivityResultContract} and
      handling the result in the {@link ActivityResultCallback#onActivityResult(Object) callback}.
w: file:///E:/UET/Project/Dating_App_Mobile_Project/app/src/main/java/com/example/atry/data/singleton/LanguageSingleton.kt:16:37 'constructor(p0: String!): Locale' is deprecated. Deprecated in Java.
w: file:///E:/UET/Project/Dating_App_Mobile_Project/app/src/main/java/com/example/atry/data/singleton/LanguageSingleton.kt:16:55 'constructor(p0: String!): Locale' is deprecated. Deprecated in Java.
w: file:///E:/UET/Project/Dating_App_Mobile_Project/app/src/main/java/com/example/atry/data/singleton/LanguageSingleton.kt:23:27 'fun updateConfiguration(p0: Configuration!, p1: DisplayMetrics!): Unit' is deprecated. Deprecated in Java.
w: file:///E:/UET/Project/Dating_App_Mobile_Project/app/src/main/java/com/example/atry/ui/components/qr/QrCamScanner.kt:81:26 'val LocalLifecycleOwner: ProvidableCompositionLocal<LifecycleOwner>' is deprecated. Moved to lifecycle-runtime-compose library in androidx.lifecycle.compose package.
w: file:///E:/UET/Project/Dating_App_Mobile_Project/app/src/main/java/com/example/atry/ui/components/tutorials/SwipeTutorial.kt:118:85 'fun EnterTransition.with(exit: ExitTransition): ContentTransform' is deprecated. Infix fun EnterTransition.with(ExitTransition) has been renamed to togetherWith.
w: file:///E:/UET/Project/Dating_App_Mobile_Project/app/src/main/java/com/example/atry/ui/components/tutorials/SwipeTutorial.kt:121:86 'fun EnterTransition.with(exit: ExitTransition): ContentTransform' is deprecated. Infix fun EnterTransition.with(ExitTransition) has been renamed to togetherWith.
w: file:///E:/UET/Project/Dating_App_Mobile_Project/app/src/main/java/com/example/atry/ui/screens/functionalScreens/aiChatBot/chatComponents/AiChatScreenFooter.kt:53:44 'val Icons.Filled.Send: ImageVector' is deprecated. Use the AutoMirrored version at Icons.AutoMirrored.Filled.Send.
w: file:///E:/UET/Project/Dating_App_Mobile_Project/app/src/main/java/com/example/atry/ui/screens/functionalScreens/chat/chatComponents/ChatScreenFooter.kt:171:35 'val Icons.Filled.Send: ImageVector' is deprecated. Use the AutoMirrored version at Icons.AutoMirrored.Filled.Send.
w: file:///E:/UET/Project/Dating_App_Mobile_Project/app/src/main/java/com/example/atry/ui/screens/functionalScreens/detailedProfile/detailedProfileComponents/DetailInfo.kt:98:9 'fun Divider(modifier: Modifier = ..., thickness: Dp = ..., color: Color = ...): Unit' is deprecated. Renamed to HorizontalDivider.
w: file:///E:/UET/Project/Dating_App_Mobile_Project/app/src/main/java/com/example/atry/ui/screens/functionalScreens/detailedProfile/detailedProfileComponents/DetailInfo.kt:101:9 'fun Divider(modifier: Modifier = ..., thickness: Dp = ..., color: Color = ...): Unit' is deprecated. Renamed to HorizontalDivider.
w: file:///E:/UET/Project/Dating_App_Mobile_Project/app/src/main/java/com/example/atry/ui/screens/functionalScreens/detailedProfile/detailedProfileComponents/DetailInfo.kt:105:9 'fun Divider(modifier: Modifier = ..., thickness: Dp = ..., color: Color = ...): Unit' is deprecated. Renamed to HorizontalDivider.
w: file:///E:/UET/Project/Dating_App_Mobile_Project/app/src/main/java/com/example/atry/ui/screens/functionalScreens/detailedProfile/detailedProfileComponents/DetailInfo.kt:109:9 'fun Divider(modifier: Modifier = ..., thickness: Dp = ..., color: Color = ...): Unit' is deprecated. Renamed to HorizontalDivider.
w: file:///E:/UET/Project/Dating_App_Mobile_Project/app/src/main/java/com/example/atry/ui/screens/functionalScreens/detailedProfile/detailedProfileComponents/DetailInfo.kt:113:9 'fun Divider(modifier: Modifier = ..., thickness: Dp = ..., color: Color = ...): Unit' is deprecated. Renamed to HorizontalDivider.
w: file:///E:/UET/Project/Dating_App_Mobile_Project/app/src/main/java/com/example/atry/ui/screens/functionalScreens/detailedProfile/detailedProfileComponents/DetailInfo.kt:117:9 'fun Divider(modifier: Modifier = ..., thickness: Dp = ..., color: Color = ...): Unit' is deprecated. Renamed to HorizontalDivider.
w: file:///E:/UET/Project/Dating_App_Mobile_Project/app/src/main/java/com/example/atry/ui/screens/functionalScreens/detailedProfile/detailedProfileComponents/DetailedProfileImage.kt:119:35 'val Icons.Filled.KeyboardArrowLeft: ImageVector' is deprecated. Use the AutoMirrored version at Icons.AutoMirrored.Filled.KeyboardArrowLeft.
w: file:///E:/UET/Project/Dating_App_Mobile_Project/app/src/main/java/com/example/atry/ui/screens/functionalScreens/detailedProfile/detailedProfileComponents/DetailedProfileImage.kt:137:35 'val Icons.Filled.KeyboardArrowRight: ImageVector' is deprecated. Use the AutoMirrored version at Icons.AutoMirrored.Filled.KeyboardArrowRight.
w: file:///E:/UET/Project/Dating_App_Mobile_Project/app/src/main/java/com/example/atry/ui/screens/functionalScreens/matchedDetailedProfile/matchedDetailedProfileComponents/DetailInfo.kt:82:9 'fun Divider(modifier: Modifier = ..., thickness: Dp = ..., color: Color = ...): Unit' is deprecated. Renamed to HorizontalDivider.
w: file:///E:/UET/Project/Dating_App_Mobile_Project/app/src/main/java/com/example/atry/ui/screens/functionalScreens/matchedDetailedProfile/matchedDetailedProfileComponents/DetailInfo.kt:85:9 'fun Divider(modifier: Modifier = ..., thickness: Dp = ..., color: Color = ...): Unit' is deprecated. Renamed to HorizontalDivider.
w: file:///E:/UET/Project/Dating_App_Mobile_Project/app/src/main/java/com/example/atry/ui/screens/functionalScreens/matchedDetailedProfile/matchedDetailedProfileComponents/DetailInfo.kt:89:9 'fun Divider(modifier: Modifier = ..., thickness: Dp = ..., color: Color = ...): Unit' is deprecated. Renamed to HorizontalDivider.
w: file:///E:/UET/Project/Dating_App_Mobile_Project/app/src/main/java/com/example/atry/ui/screens/functionalScreens/matchedDetailedProfile/matchedDetailedProfileComponents/DetailInfo.kt:93:9 'fun Divider(modifier: Modifier = ..., thickness: Dp = ..., color: Color = ...): Unit' is deprecated. Renamed to HorizontalDivider.
w: file:///E:/UET/Project/Dating_App_Mobile_Project/app/src/main/java/com/example/atry/ui/screens/functionalScreens/matchedDetailedProfile/matchedDetailedProfileComponents/DetailInfo.kt:97:9 'fun Divider(modifier: Modifier = ..., thickness: Dp = ..., color: Color = ...): Unit' is deprecated. Renamed to HorizontalDivider.
w: file:///E:/UET/Project/Dating_App_Mobile_Project/app/src/main/java/com/example/atry/ui/screens/functionalScreens/matchedDetailedProfile/matchedDetailedProfileComponents/DetailInfo.kt:101:9 'fun Divider(modifier: Modifier = ..., thickness: Dp = ..., color: Color = ...): Unit' is deprecated. Renamed to HorizontalDivider.
w: file:///E:/UET/Project/Dating_App_Mobile_Project/app/src/main/java/com/example/atry/ui/screens/functionalScreens/matchedDetailedProfile/matchedDetailedProfileComponents/DetailedProfileImage.kt:113:35 'val Icons.Filled.KeyboardArrowLeft: ImageVector' is deprecated. Use the AutoMirrored version at Icons.AutoMirrored.Filled.KeyboardArrowLeft.
w: file:///E:/UET/Project/Dating_App_Mobile_Project/app/src/main/java/com/example/atry/ui/screens/functionalScreens/matchedDetailedProfile/matchedDetailedProfileComponents/DetailedProfileImage.kt:130:35 'val Icons.Filled.KeyboardArrowRight: ImageVector' is deprecated. Use the AutoMirrored version at Icons.AutoMirrored.Filled.KeyboardArrowRight.
w: file:///E:/UET/Project/Dating_App_Mobile_Project/app/src/main/java/com/example/atry/ui/screens/functionalScreens/myProfile/MyProfileScreen.kt:63:25 'fun quadraticBezierTo(x1: Float, y1: Float, x2: Float, y2: Float): Unit' is deprecated. Use quadraticTo() for consistency with cubicTo().
w: file:///E:/UET/Project/Dating_App_Mobile_Project/app/src/main/java/com/example/atry/viewmodel/auth/UserInfoSetupViewModel.kt:70:17 Condition is always 'true'.
w: file:///E:/UET/Project/Dating_App_Mobile_Project/app/src/main/java/com/example/atry/viewmodel/functional/EditProfileViewModel.kt:58:17 Condition is always 'true'.
w: file:///E:/UET/Project/Dating_App_Mobile_Project/app/src/main/java/com/example/atry/viewmodel/functional/SendViewModel.kt:109:26 'fun resume(value: String, onCancellation: ((@ParameterName(...) Throwable) -> Unit)?): Unit' is deprecated. Use the overload that also accepts the `value` and the coroutine context in lambda.

> Task :app:compileDebugJavaWithJavac
Note: Some input files use unchecked or unsafe operations.
Note: Recompile with -Xlint:unchecked for details.

> Task :app:bundleDebugClassesToCompileJar

> Task :app:compileDebugAndroidTestKotlin
w: file:///E:/UET/Project/Dating_App_Mobile_Project/app/src/androidTest/java/com/example/atry/performance/AppSizePerformanceTest.kt:106:51 'constructor(p0: String!): PackageStats' is deprecated. Deprecated in Java.

> Task :app:compileDebugAndroidTestJavaWithJavac NO-SOURCE
> Task :app:processDebugAndroidTestJavaRes
> Task :app:mergeDebugAndroidTestJavaResource
> Task :app:dexBuilderDebugAndroidTest
> Task :app:mergeProjectDexDebugAndroidTest
> Task :app:packageDebugAndroidTest
> Task :app:createDebugAndroidTestApkListingFileRedirect
> Task :app:assembleDebugAndroidTest

[Incubating] Problems report is available at: file:///E:/UET/Project/Dating_App_Mobile_Project/build/reports/problems/problems-report.html

BUILD SUCCESSFUL in 31s
51 actionable tasks: 51 executed
âœ… Test APK built successfully
ðŸ“¦ Installing test APK...
> Task :app:checkKotlinGradlePluginConfigurationErrors SKIPPED
> Task :app:preBuild UP-TO-DATE
> Task :app:preDebugBuild UP-TO-DATE
> Task :app:checkDebugAarMetadata UP-TO-DATE
> Task :app:processDebugNavigationResources UP-TO-DATE
> Task :app:compileDebugNavigationResources UP-TO-DATE
> Task :app:generateDebugResValues UP-TO-DATE
> Task :app:processDebugGoogleServices UP-TO-DATE
> Task :app:mapDebugSourceSetPaths UP-TO-DATE
> Task :app:generateDebugResources UP-TO-DATE
> Task :app:mergeDebugResources UP-TO-DATE
> Task :app:packageDebugResources UP-TO-DATE
> Task :app:parseDebugLocalResources UP-TO-DATE
> Task :app:createDebugCompatibleScreenManifests UP-TO-DATE
> Task :app:extractDeepLinksDebug UP-TO-DATE
> Task :app:processDebugMainManifest UP-TO-DATE
> Task :app:processDebugManifest UP-TO-DATE
> Task :app:processDebugManifestForPackage UP-TO-DATE
> Task :app:processDebugResources UP-TO-DATE
> Task :app:compileDebugKotlin UP-TO-DATE
> Task :app:javaPreCompileDebug UP-TO-DATE
> Task :app:compileDebugJavaWithJavac UP-TO-DATE
> Task :app:bundleDebugClassesToCompileJar UP-TO-DATE
> Task :app:preDebugAndroidTestBuild SKIPPED
> Task :app:checkDebugAndroidTestAarMetadata UP-TO-DATE
> Task :app:processDebugAndroidTestNavigationResources UP-TO-DATE
> Task :app:compileDebugAndroidTestNavigationResources UP-TO-DATE
> Task :app:generateDebugAndroidTestResValues UP-TO-DATE
> Task :app:mapDebugAndroidTestSourceSetPaths UP-TO-DATE
> Task :app:generateDebugAndroidTestResources UP-TO-DATE
> Task :app:mergeDebugAndroidTestResources UP-TO-DATE
> Task :app:processDebugAndroidTestManifest UP-TO-DATE
> Task :app:processDebugAndroidTestResources UP-TO-DATE
> Task :app:compileDebugAndroidTestKotlin UP-TO-DATE
> Task :app:javaPreCompileDebugAndroidTest UP-TO-DATE
> Task :app:compileDebugAndroidTestJavaWithJavac NO-SOURCE
> Task :app:mergeDebugAndroidTestShaders UP-TO-DATE
> Task :app:compileDebugAndroidTestShaders NO-SOURCE
> Task :app:generateDebugAndroidTestAssets UP-TO-DATE
> Task :app:mergeDebugAndroidTestAssets UP-TO-DATE
> Task :app:compressDebugAndroidTestAssets UP-TO-DATE
> Task :app:processDebugAndroidTestJavaRes UP-TO-DATE
> Task :app:mergeDebugAndroidTestJavaResource UP-TO-DATE
> Task :app:checkDebugAndroidTestDuplicateClasses UP-TO-DATE
> Task :app:desugarDebugAndroidTestFileDependencies UP-TO-DATE
> Task :app:mergeExtDexDebugAndroidTest UP-TO-DATE
> Task :app:mergeLibDexDebugAndroidTest UP-TO-DATE
> Task :app:dexBuilderDebugAndroidTest UP-TO-DATE
> Task :app:mergeProjectDexDebugAndroidTest UP-TO-DATE
> Task :app:mergeDebugAndroidTestJniLibFolders UP-TO-DATE
> Task :app:mergeDebugJniLibFolders UP-TO-DATE
> Task :app:mergeDebugNativeLibs UP-TO-DATE
> Task :app:mergeDebugAndroidTestNativeLibs UP-TO-DATE
> Task :app:stripDebugAndroidTestDebugSymbols UP-TO-DATE
> Task :app:validateSigningDebugAndroidTest UP-TO-DATE
> Task :app:writeDebugAndroidTestSigningConfigVersions UP-TO-DATE
> Task :app:packageDebugAndroidTest UP-TO-DATE
> Task :app:createDebugAndroidTestApkListingFileRedirect UP-TO-DATE

> Task :app:installDebugAndroidTest
Installing APK 'app-debug-androidTest.apk' on 'SM-A057F - 15' for :app:debug-androidTest
Installed on 1 device.

BUILD SUCCESSFUL in 8s
52 actionable tasks: 1 executed, 51 up-to-date
ERROR: Input redirection is not supported, exiting the process immediately.
ðŸ›‘ Stopping app to ensure clean state...
ERROR: Input redirection is not supported, exiting the process immediately.

ðŸ“Š Running App Startup Benchmarks...

âš ï¸  Note: App benchmark Ä‘Ã£ Ä‘Æ°á»£c install, tests sáº½ cháº¡y vá»›i app Ä‘Ã³

> Task :app:checkKotlinGradlePluginConfigurationErrors SKIPPED
> Task :app:preBuild UP-TO-DATE
> Task :app:preDebugBuild UP-TO-DATE
> Task :app:checkDebugAarMetadata UP-TO-DATE
> Task :app:processDebugNavigationResources UP-TO-DATE
> Task :app:compileDebugNavigationResources UP-TO-DATE
> Task :app:generateDebugResValues UP-TO-DATE
> Task :app:processDebugGoogleServices UP-TO-DATE
> Task :app:mapDebugSourceSetPaths UP-TO-DATE
> Task :app:generateDebugResources UP-TO-DATE
> Task :app:mergeDebugResources UP-TO-DATE
> Task :app:packageDebugResources UP-TO-DATE
> Task :app:parseDebugLocalResources UP-TO-DATE
> Task :app:createDebugCompatibleScreenManifests UP-TO-DATE
> Task :app:extractDeepLinksDebug UP-TO-DATE
> Task :app:processDebugMainManifest UP-TO-DATE
> Task :app:processDebugManifest UP-TO-DATE
> Task :app:processDebugManifestForPackage UP-TO-DATE
> Task :app:processDebugResources UP-TO-DATE
> Task :app:compileDebugKotlin UP-TO-DATE
> Task :app:javaPreCompileDebug UP-TO-DATE
> Task :app:compileDebugJavaWithJavac UP-TO-DATE
> Task :app:bundleDebugClassesToCompileJar UP-TO-DATE
> Task :app:preDebugAndroidTestBuild SKIPPED
> Task :app:checkDebugAndroidTestAarMetadata UP-TO-DATE
> Task :app:processDebugAndroidTestNavigationResources UP-TO-DATE
> Task :app:compileDebugAndroidTestNavigationResources UP-TO-DATE
> Task :app:generateDebugAndroidTestResValues UP-TO-DATE
> Task :app:mapDebugAndroidTestSourceSetPaths UP-TO-DATE
> Task :app:generateDebugAndroidTestResources UP-TO-DATE
> Task :app:mergeDebugAndroidTestResources UP-TO-DATE
> Task :app:processDebugAndroidTestManifest UP-TO-DATE
> Task :app:processDebugAndroidTestResources UP-TO-DATE
> Task :app:compileDebugAndroidTestKotlin UP-TO-DATE
> Task :app:javaPreCompileDebugAndroidTest UP-TO-DATE
> Task :app:compileDebugAndroidTestJavaWithJavac NO-SOURCE
> Task :app:mergeDebugShaders
> Task :app:compileDebugShaders NO-SOURCE
> Task :app:generateDebugAssets UP-TO-DATE
> Task :app:mergeDebugAssets
> Task :app:generateDebugJacocoPropertiesFile
> Task :app:compressDebugAssets
> Task :app:checkDebugDuplicateClasses
> Task :app:processDebugJavaRes
> Task :app:desugarDebugFileDependencies
> Task :app:mergeLibDexDebug
> Task :app:mergeDebugJniLibFolders UP-TO-DATE
> Task :app:mergeDebugNativeLibs UP-TO-DATE
> Task :app:validateSigningDebug
> Task :app:writeDebugAppMetadata
> Task :app:writeDebugSigningConfigVersions
> Task :app:mergeDebugAndroidTestShaders UP-TO-DATE
> Task :app:compileDebugAndroidTestShaders NO-SOURCE
> Task :app:generateDebugAndroidTestAssets UP-TO-DATE
> Task :app:mergeDebugAndroidTestAssets UP-TO-DATE
> Task :app:compressDebugAndroidTestAssets UP-TO-DATE
> Task :app:processDebugAndroidTestJavaRes UP-TO-DATE
> Task :app:mergeDebugAndroidTestJavaResource UP-TO-DATE
> Task :app:checkDebugAndroidTestDuplicateClasses UP-TO-DATE
> Task :app:desugarDebugAndroidTestFileDependencies UP-TO-DATE
> Task :app:mergeExtDexDebugAndroidTest UP-TO-DATE
> Task :app:mergeLibDexDebugAndroidTest UP-TO-DATE
> Task :app:dexBuilderDebugAndroidTest UP-TO-DATE
> Task :app:mergeProjectDexDebugAndroidTest UP-TO-DATE
> Task :app:mergeDebugAndroidTestJniLibFolders UP-TO-DATE
> Task :app:mergeDebugAndroidTestNativeLibs UP-TO-DATE
> Task :app:stripDebugAndroidTestDebugSymbols UP-TO-DATE
> Task :app:validateSigningDebugAndroidTest UP-TO-DATE
> Task :app:writeDebugAndroidTestSigningConfigVersions UP-TO-DATE
> Task :app:packageDebugAndroidTest UP-TO-DATE
> Task :app:createDebugAndroidTestApkListingFileRedirect UP-TO-DATE

> Task :app:stripDebugDebugSymbols
Unable to strip the following libraries, packaging them as they are: libagora-fdkaac.so, libagora-ffmpeg.so, libagora-rtc-sdk.so, libagora-soundtouch.so, libagora_ai_echo_cancellation_extension.so, libagora_ai_echo_cancellation_ll_extension.so, libagora_ai_noise_suppression_extension.so, libagora_ai_noise_suppression_ll_extension.so, libagora_audio_beauty_extension.so, libagora_lip_sync_extension.so, libagora_spatial_audio_extension.so, libandroidx.graphics.path.so, libaosl.so, libbarhopper_v3.so, libdatastore_shared_counter.so, libimage_processing_util_jni.so, libimagepipeline.so, libnative-filters.so, libnative-imagetranscoder.so. Run with --info option to learn more.

> Task :app:mergeDebugJavaResource
> Task :app:jacocoDebug
> Task :app:dexBuilderDebug
> Task :app:mergeProjectDexDebug
> Task :app:mergeExtDexDebug
> Task :app:packageDebug
> Task :app:createDebugApkListingFileRedirect
> Task :app:connectedDebugAndroidTest
Starting 3 tests on SM-A057F - 15

com.example.atry.performance.AppStartupBenchmark > startupHot[SM-A057F - 15] [33mSKIPPED [0m

com.example.atry.performance.AppStartupBenchmark > startupCold[SM-A057F - 15] [33mSKIPPED [0m

com.example.atry.performance.AppStartupBenchmark > startupWarm[SM-A057F - 15] [33mSKIPPED [0m

Finished 6 tests on SM-A057F - 15

BUILD SUCCESSFUL in 1m 24s
71 actionable tasks: 20 executed, 51 up-to-date
: was unexpected at this time.
