# JRE version: OpenJDK Runtime Environment (21.0.7) (build 21.0.7+-13880790-b1038.58)
# Java VM: OpenJDK 64-Bit Server VM (21.0.7+-13880790-b1038.58, mixed mode, tiered, compressed oops, compressed class ptrs, g1 gc, windows-amd64)
GC Precious Log:
 CardTable entry size: 512
 Card Set container configuration: InlinePtr #cards 5 size 8 Array Of Cards #cards 12 size 40 Howl #buckets 4 coarsen threshold 1843 Howl Bitmap #cards 512 size 80 coarsen threshold 460 Card regions per heap region 1 cards per card region 2048
 CPUs: 20 total, 20 available
 Memory: 32472M
 Large Page Support: Disabled
 NUMA Support: Disabled
 Compressed Oops: Enabled (32-bit)
 Heap Region Size: 1M
 Heap Min Capacity: 8M
 Heap Initial Capacity: 508M
 Heap Max Capacity: 2G
 Pre-touch: Disabled
 Parallel Workers: 15
 Concurrent Workers: 4
 Concurrent Refinement Workers: 15
 Periodic GC: Disabled
Heap:
 garbage-first heap   total 315392K, used 292924K [0x0000000080000000, 0x0000000100000000)
  region size 1024K, 168 young (172032K), 6 survivors (6144K)
 Metaspace       used 88826K, committed 90816K, reserved 1179648K
  class space    used 12020K, committed 12992K, reserved 1048576K
GC Heap History (20 events):
Event: 5.828 GC heap before
{Heap before GC invocations=5 (full 0):
 garbage-first heap   total 71680K, used 69395K [0x0000000080000000, 0x0000000100000000)
  region size 1024K, 60 young (61440K), 11 survivors (11264K)
 Metaspace       used 29174K, committed 29760K, reserved 1114112K
  class space    used 3721K, committed 3968K, reserved 1048576K
}
Event: 5.835 GC heap after
{Heap after GC invocations=6 (full 0):
 garbage-first heap   total 84992K, used 22905K [0x0000000080000000, 0x0000000100000000)
  region size 1024K, 13 young (13312K), 13 survivors (13312K)
 Metaspace       used 29174K, committed 29760K, reserved 1114112K
  class space    used 3721K, committed 3968K, reserved 1048576K
}
Event: 6.856 GC heap before
{Heap before GC invocations=6 (full 0):
 garbage-first heap   total 84992K, used 58745K [0x0000000080000000, 0x0000000100000000)
  region size 1024K, 49 young (50176K), 13 survivors (13312K)
 Metaspace       used 33658K, committed 34432K, reserved 1114112K
  class space    used 4502K, committed 4864K, reserved 1048576K
}
Event: 6.861 GC heap after
{Heap after GC invocations=7 (full 0):
 garbage-first heap   total 84992K, used 25460K [0x0000000080000000, 0x0000000100000000)
  region size 1024K, 6 young (6144K), 6 survivors (6144K)
 Metaspace       used 33658K, committed 34432K, reserved 1114112K
  class space    used 4502K, committed 4864K, reserved 1048576K
}
Event: 7.187 GC heap before
{Heap before GC invocations=7 (full 0):
 garbage-first heap   total 84992K, used 36724K [0x0000000080000000, 0x0000000100000000)
  region size 1024K, 18 young (18432K), 6 survivors (6144K)
 Metaspace       used 35387K, committed 36160K, reserved 1114112K
  class space    used 4815K, committed 5184K, reserved 1048576K
}
Event: 7.191 GC heap after
{Heap after GC invocations=8 (full 0):
 garbage-first heap   total 84992K, used 26191K [0x0000000080000000, 0x0000000100000000)
  region size 1024K, 4 young (4096K), 4 survivors (4096K)
 Metaspace       used 35387K, committed 36160K, reserved 1114112K
  class space    used 4815K, committed 5184K, reserved 1048576K
}
Event: 8.118 GC heap before
{Heap before GC invocations=9 (full 0):
 garbage-first heap   total 84992K, used 82511K [0x0000000080000000, 0x0000000100000000)
  region size 1024K, 32 young (32768K), 4 survivors (4096K)
 Metaspace       used 38136K, committed 39104K, reserved 1114112K
  class space    used 5235K, committed 5696K, reserved 1048576K
}
Event: 8.124 GC heap after
{Heap after GC invocations=10 (full 0):
 garbage-first heap   total 94208K, used 61390K [0x0000000080000000, 0x0000000100000000)
  region size 1024K, 6 young (6144K), 6 survivors (6144K)
 Metaspace       used 38136K, committed 39104K, reserved 1114112K
  class space    used 5235K, committed 5696K, reserved 1048576K
}
Event: 8.793 GC heap before
{Heap before GC invocations=10 (full 0):
 garbage-first heap   total 94208K, used 81870K [0x0000000080000000, 0x0000000100000000)
  region size 1024K, 26 young (26624K), 6 survivors (6144K)
 Metaspace       used 41048K, committed 42048K, reserved 1114112K
  class space    used 5724K, committed 6208K, reserved 1048576K
}
Event: 8.796 GC heap after
{Heap after GC invocations=11 (full 0):
 garbage-first heap   total 94208K, used 62947K [0x0000000080000000, 0x0000000100000000)
  region size 1024K, 2 young (2048K), 2 survivors (2048K)
 Metaspace       used 41048K, committed 42048K, reserved 1114112K
  class space    used 5724K, committed 6208K, reserved 1048576K
}
Event: 9.528 GC heap before
{Heap before GC invocations=11 (full 0):
 garbage-first heap   total 94208K, used 84451K [0x0000000080000000, 0x0000000100000000)
  region size 1024K, 24 young (24576K), 2 survivors (2048K)
 Metaspace       used 46218K, committed 47232K, reserved 1114112K
  class space    used 6230K, committed 6720K, reserved 1048576K
}
Event: 9.531 GC heap after
{Heap after GC invocations=12 (full 0):
 garbage-first heap   total 94208K, used 65511K [0x0000000080000000, 0x0000000100000000)
  region size 1024K, 3 young (3072K), 3 survivors (3072K)
 Metaspace       used 46218K, committed 47232K, reserved 1114112K
  class space    used 6230K, committed 6720K, reserved 1048576K
}
Event: 9.699 GC heap before
{Heap before GC invocations=13 (full 0):
 garbage-first heap   total 109568K, used 84967K [0x0000000080000000, 0x0000000100000000)
  region size 1024K, 22 young (22528K), 3 survivors (3072K)
 Metaspace       used 46264K, committed 47296K, reserved 1114112K
  class space    used 6232K, committed 6720K, reserved 1048576K
}
Event: 9.703 GC heap after
{Heap after GC invocations=14 (full 0):
 garbage-first heap   total 315392K, used 67319K [0x0000000080000000, 0x0000000100000000)
  region size 1024K, 2 young (2048K), 2 survivors (2048K)
 Metaspace       used 46264K, committed 47296K, reserved 1114112K
  class space    used 6232K, committed 6720K, reserved 1048576K
}
Event: 14.387 GC heap before
{Heap before GC invocations=14 (full 0):
 garbage-first heap   total 315392K, used 276215K [0x0000000080000000, 0x0000000100000000)
  region size 1024K, 184 young (188416K), 2 survivors (2048K)
 Metaspace       used 64767K, committed 66432K, reserved 1114112K
  class space    used 8839K, committed 9664K, reserved 1048576K
}
Event: 14.395 GC heap after
{Heap after GC invocations=15 (full 0):
 garbage-first heap   total 315392K, used 96257K [0x0000000080000000, 0x0000000100000000)
  region size 1024K, 15 young (15360K), 15 survivors (15360K)
 Metaspace       used 64767K, committed 66432K, reserved 1114112K
  class space    used 8839K, committed 9664K, reserved 1048576K
}
Event: 18.654 GC heap before
{Heap before GC invocations=15 (full 0):
 garbage-first heap   total 315392K, used 262145K [0x0000000080000000, 0x0000000100000000)
  region size 1024K, 178 young (182272K), 15 survivors (15360K)
 Metaspace       used 74848K, committed 76672K, reserved 1179648K
  class space    used 10275K, committed 11200K, reserved 1048576K
}
Event: 18.668 GC heap after
{Heap after GC invocations=16 (full 0):
 garbage-first heap   total 315392K, used 106816K [0x0000000080000000, 0x0000000100000000)
  region size 1024K, 13 young (13312K), 13 survivors (13312K)
 Metaspace       used 74848K, committed 76672K, reserved 1179648K
  class space    used 10275K, committed 11200K, reserved 1048576K
}
Event: 22.212 GC heap before
{Heap before GC invocations=16 (full 0):
 garbage-first heap   total 315392K, used 180544K [0x0000000080000000, 0x0000000100000000)
  region size 1024K, 87 young (89088K), 13 survivors (13312K)
 Metaspace       used 75034K, committed 76864K, reserved 1179648K
  class space    used 10298K, committed 11200K, reserved 1048576K
}
Event: 22.221 GC heap after
{Heap after GC invocations=17 (full 0):
 garbage-first heap   total 315392K, used 109628K [0x0000000080000000, 0x0000000100000000)
  region size 1024K, 6 young (6144K), 6 survivors (6144K)
 Metaspace       used 75034K, committed 76864K, reserved 1179648K
  class space    used 10298K, committed 11200K, reserved 1048576K
}

