> Task :app:checkKotlinGradlePluginConfigurationErrors SKIPPED
> Task :app:preBuild UP-TO-DATE
> Task :app:preDebugBuild UP-TO-DATE
> Task :app:checkDebugAarMetadata UP-TO-DATE
> Task :app:processDebugNavigationResources UP-TO-DATE
> Task :app:compileDebugNavigationResources UP-TO-DATE
> Task :app:generateDebugResValues UP-TO-DATE
> Task :app:processDebugGoogleServices UP-TO-DATE
> Task :app:mapDebugSourceSetPaths UP-TO-DATE
> Task :app:generateDebugResources UP-TO-DATE
> Task :app:mergeDebugResources UP-TO-DATE
> Task :app:packageDebugResources UP-TO-DATE
> Task :app:parseDebugLocalResources UP-TO-DATE
> Task :app:createDebugCompatibleScreenManifests UP-TO-DATE
> Task :app:extractDeepLinksDebug UP-TO-DATE
> Task :app:processDebugMainManifest UP-TO-DATE
> Task :app:processDebugManifest UP-TO-DATE
> Task :app:processDebugManifestForPackage UP-TO-DATE
> Task :app:processDebugResources UP-TO-DATE
> Task :app:compileDebugKotlin UP-TO-DATE
> Task :app:javaPreCompileDebug UP-TO-DATE
> Task :app:compileDebugJavaWithJavac UP-TO-DATE
> Task :app:bundleDebugClassesToCompileJar UP-TO-DATE
> Task :app:preDebugAndroidTestBuild SKIPPED
> Task :app:checkDebugAndroidTestAarMetadata UP-TO-DATE
> Task :app:processDebugAndroidTestNavigationResources UP-TO-DATE
> Task :app:compileDebugAndroidTestNavigationResources UP-TO-DATE
> Task :app:generateDebugAndroidTestResValues UP-TO-DATE
> Task :app:mapDebugAndroidTestSourceSetPaths UP-TO-DATE
> Task :app:generateDebugAndroidTestResources UP-TO-DATE
> Task :app:mergeDebugAndroidTestResources UP-TO-DATE
> Task :app:processDebugAndroidTestManifest UP-TO-DATE
> Task :app:processDebugAndroidTestResources UP-TO-DATE
> Task :app:javaPreCompileDebugAndroidTest UP-TO-DATE
> Task :app:mergeDebugAndroidTestShaders UP-TO-DATE
> Task :app:compileDebugAndroidTestShaders NO-SOURCE
> Task :app:generateDebugAndroidTestAssets UP-TO-DATE
> Task :app:mergeDebugAndroidTestAssets UP-TO-DATE
> Task :app:compressDebugAndroidTestAssets UP-TO-DATE
> Task :app:checkDebugAndroidTestDuplicateClasses UP-TO-DATE
> Task :app:desugarDebugAndroidTestFileDependencies UP-TO-DATE
> Task :app:mergeExtDexDebugAndroidTest UP-TO-DATE
> Task :app:mergeLibDexDebugAndroidTest UP-TO-DATE
> Task :app:mergeDebugAndroidTestJniLibFolders UP-TO-DATE
> Task :app:mergeDebugJniLibFolders UP-TO-DATE
> Task :app:mergeDebugNativeLibs UP-TO-DATE
> Task :app:mergeDebugAndroidTestNativeLibs UP-TO-DATE
> Task :app:stripDebugAndroidTestDebugSymbols UP-TO-DATE
> Task :app:validateSigningDebugAndroidTest UP-TO-DATE
> Task :app:writeDebugAndroidTestSigningConfigVersions UP-TO-DATE

> Task :app:compileDebugAndroidTestKotlin FAILED
e: file:///E:/UET/Project/Dating_App_Mobile_Project/app/src/androidTest/java/com/example/atry/ui/screens/functionalScreens/DetailedProfileScreenTest.kt:5:32 Unresolved reference 'User'.
e: file:///E:/UET/Project/Dating_App_Mobile_Project/app/src/androidTest/java/com/example/atry/ui/screens/functionalScreens/DetailedProfileScreenTest.kt:31:27 Unresolved reference 'User'.
e: file:///E:/UET/Project/Dating_App_Mobile_Project/app/src/androidTest/java/com/example/atry/ui/screens/functionalScreens/DetailedProfileScreenTest.kt:37:20 Cannot access class 'com.example.atry.backend.User'. Check your module classpath for missing or conflicting dependencies.
e: file:///E:/UET/Project/Dating_App_Mobile_Project/app/src/androidTest/java/com/example/atry/ui/screens/functionalScreens/UnmatchTest.kt:9:32 Unresolved reference 'User'.
e: file:///E:/UET/Project/Dating_App_Mobile_Project/app/src/androidTest/java/com/example/atry/ui/screens/functionalScreens/UnmatchTest.kt:31:27 Unresolved reference 'User'.
e: file:///E:/UET/Project/Dating_App_Mobile_Project/app/src/androidTest/java/com/example/atry/ui/screens/functionalScreens/UnmatchTest.kt:37:20 Cannot access class 'com.example.atry.backend.User'. Check your module classpath for missing or conflicting dependencies.
e: file:///E:/UET/Project/Dating_App_Mobile_Project/app/src/androidTest/java/com/example/atry/ui/screens/functionalScreens/chat/ChatScreenTest.kt:9:32 Unresolved reference 'MatchedUser'.
e: file:///E:/UET/Project/Dating_App_Mobile_Project/app/src/androidTest/java/com/example/atry/ui/screens/functionalScreens/chat/ChatScreenTest.kt:10:32 Unresolved reference 'MessageService'.
e: file:///E:/UET/Project/Dating_App_Mobile_Project/app/src/androidTest/java/com/example/atry/ui/screens/functionalScreens/chat/ChatScreenTest.kt:11:32 Unresolved reference 'User'.
e: file:///E:/UET/Project/Dating_App_Mobile_Project/app/src/androidTest/java/com/example/atry/ui/screens/functionalScreens/chat/ChatScreenTest.kt:35:33 Unresolved reference 'MessageService'.
e: file:///E:/UET/Project/Dating_App_Mobile_Project/app/src/androidTest/java/com/example/atry/ui/screens/functionalScreens/chat/ChatScreenTest.kt:37:23 Unresolved reference 'User'.
e: file:///E:/UET/Project/Dating_App_Mobile_Project/app/src/androidTest/java/com/example/atry/ui/screens/functionalScreens/chat/ChatScreenTest.kt:41:30 Unresolved reference 'MatchedUser'.
e: file:///E:/UET/Project/Dating_App_Mobile_Project/app/src/androidTest/java/com/example/atry/ui/screens/functionalScreens/chat/ChatScreenTest.kt:43:26 Cannot access class 'com.example.atry.backend.MessageService'. Check your module classpath for missing or conflicting dependencies.
e: file:///E:/UET/Project/Dating_App_Mobile_Project/app/src/androidTest/java/com/example/atry/ui/screens/functionalScreens/chat/ChatScreenTest.kt:43:26 Cannot access class 'com.example.atry.backend.MatchedUser'. Check your module classpath for missing or conflicting dependencies.
e: file:///E:/UET/Project/Dating_App_Mobile_Project/app/src/androidTest/java/com/example/atry/viewmodel/functional/FakeChatViewModelFactory.kt:8:33 Unresolved reference 'MatchedUser'.
e: file:///E:/UET/Project/Dating_App_Mobile_Project/app/src/androidTest/java/com/example/atry/viewmodel/functional/FakeChatViewModelFactory.kt:9:33 Unresolved reference 'MessageService'.
e: file:///E:/UET/Project/Dating_App_Mobile_Project/app/src/androidTest/java/com/example/atry/viewmodel/functional/FakeChatViewModelFactory.kt:17:30 Unresolved reference 'MatchedUser'.
e: file:///E:/UET/Project/Dating_App_Mobile_Project/app/src/androidTest/java/com/example/atry/viewmodel/functional/FakeChatViewModelFactory.kt:25:34 Unresolved reference 'MessageService'.
e: file:///E:/UET/Project/Dating_App_Mobile_Project/app/src/androidTest/java/com/example/atry/viewmodel/functional/FakeChatViewModelFactory.kt:28:20 Cannot access class 'com.example.atry.backend.MessageService'. Check your module classpath for missing or conflicting dependencies.
e: file:///E:/UET/Project/Dating_App_Mobile_Project/app/src/androidTest/java/com/example/atry/viewmodel/functional/FakeChatViewModelFactory.kt:28:20 Cannot access class 'com.example.atry.backend.MatchedUser'. Check your module classpath for missing or conflicting dependencies.
e: file:///E:/UET/Project/Dating_App_Mobile_Project/app/src/androidTest/java/com/example/atry/viewmodel/functional/FakeLikeYouViewModel.kt:6:33 Unresolved reference 'SwipeService'.
e: file:///E:/UET/Project/Dating_App_Mobile_Project/app/src/androidTest/java/com/example/atry/viewmodel/functional/FakeLikeYouViewModel.kt:7:33 Unresolved reference 'User'.
e: file:///E:/UET/Project/Dating_App_Mobile_Project/app/src/androidTest/java/com/example/atry/viewmodel/functional/FakeLikeYouViewModel.kt:8:33 Unresolved reference 'UserProfile'.
e: file:///E:/UET/Project/Dating_App_Mobile_Project/app/src/androidTest/java/com/example/atry/viewmodel/functional/FakeLikeYouViewModel.kt:17:1 Class 'FakeLikeYouViewModel' is not abstract and does not implement abstract member 'swipe'.
e: file:///E:/UET/Project/Dating_App_Mobile_Project/app/src/androidTest/java/com/example/atry/viewmodel/functional/FakeLikeYouViewModel.kt:18:48 Unresolved reference 'UserProfile'.
e: file:///E:/UET/Project/Dating_App_Mobile_Project/app/src/androidTest/java/com/example/atry/viewmodel/functional/FakeLikeYouViewModel.kt:19:31 Type of 'userProfile' is not a subtype of overridden property 'val userProfile: LiveData<UserProfile?>' defined in 'com/example/atry/ui/screens/functionalScreens/likeYou/ILikeYouViewModel'.
e: file:///E:/UET/Project/Dating_App_Mobile_Project/app/src/androidTest/java/com/example/atry/viewmodel/functional/FakeLikeYouViewModel.kt:19:40 Unresolved reference 'UserProfile'.
e: file:///E:/UET/Project/Dating_App_Mobile_Project/app/src/androidTest/java/com/example/atry/viewmodel/functional/FakeLikeYouViewModel.kt:21:9 Cannot access class 'com.example.atry.backend.User'. Check your module classpath for missing or conflicting dependencies.
e: file:///E:/UET/Project/Dating_App_Mobile_Project/app/src/androidTest/java/com/example/atry/viewmodel/functional/FakeLikeYouViewModel.kt:36:5 'swipe' overrides nothing.
e: file:///E:/UET/Project/Dating_App_Mobile_Project/app/src/androidTest/java/com/example/atry/viewmodel/functional/FakeLikeYouViewModel.kt:36:36 Unresolved reference 'User'.
e: file:///E:/UET/Project/Dating_App_Mobile_Project/app/src/androidTest/java/com/example/atry/viewmodel/functional/FakeLikeYouViewModel.kt:36:48 Unresolved reference 'SwipeService'.
e: file:///E:/UET/Project/Dating_App_Mobile_Project/app/src/androidTest/java/com/example/atry/viewmodel/functional/FakeLikeYouViewModel.kt:47:34 Unresolved reference 'UserProfile'.

FAILURE: Build failed with an exception.

* What went wrong:
Execution failed for task ':app:compileDebugAndroidTestKotlin'.
> A failure occurred while executing org.jetbrains.kotlin.compilerRunner.GradleCompilerRunnerWithWorkers$GradleKotlinCompilerWorkAction
   > Compilation error. See log for more details

* Try:
> Run with --stacktrace option to get the stack trace.
> Run with --info or --debug option to get more log output.
> Run with --scan to get full insights.
> Get more help at https://help.gradle.org.

BUILD FAILED in 4s
45 actionable tasks: 1 executed, 44 up-to-date
