> Task :app:checkKotlinGradlePluginConfigurationErrors SKIPPED
> Task :app:preBuild UP-TO-DATE
> Task :app:preDebugBuild UP-TO-DATE
> Task :app:checkDebugAarMetadata UP-TO-DATE
> Task :app:processDebugNavigationResources UP-TO-DATE
> Task :app:compileDebugNavigationResources UP-TO-DATE
> Task :app:generateDebugResValues UP-TO-DATE
> Task :app:processDebugGoogleServices UP-TO-DATE
> Task :app:mapDebugSourceSetPaths UP-TO-DATE
> Task :app:generateDebugResources UP-TO-DATE
> Task :app:mergeDebugResources UP-TO-DATE
> Task :app:packageDebugResources UP-TO-DATE
> Task :app:parseDebugLocalResources UP-TO-DATE
> Task :app:createDebugCompatibleScreenManifests UP-TO-DATE
> Task :app:extractDeepLinksDebug UP-TO-DATE
> Task :app:processDebugMainManifest UP-TO-DATE
> Task :app:processDebugManifest UP-TO-DATE
> Task :app:processDebugManifestForPackage UP-TO-DATE
> Task :app:processDebugResources UP-TO-DATE
> Task :app:compileDebugKotlin UP-TO-DATE
> Task :app:javaPreCompileDebug UP-TO-DATE
> Task :app:compileDebugJavaWithJavac UP-TO-DATE
> Task :app:bundleDebugClassesToCompileJar UP-TO-DATE
> Task :app:preDebugAndroidTestBuild SKIPPED
> Task :app:checkDebugAndroidTestAarMetadata UP-TO-DATE
> Task :app:processDebugAndroidTestNavigationResources UP-TO-DATE
> Task :app:compileDebugAndroidTestNavigationResources UP-TO-DATE
> Task :app:generateDebugAndroidTestResValues UP-TO-DATE
> Task :app:mapDebugAndroidTestSourceSetPaths UP-TO-DATE
> Task :app:generateDebugAndroidTestResources UP-TO-DATE
> Task :app:mergeDebugAndroidTestResources UP-TO-DATE
> Task :app:processDebugAndroidTestManifest UP-TO-DATE
> Task :app:processDebugAndroidTestResources UP-TO-DATE
> Task :app:javaPreCompileDebugAndroidTest UP-TO-DATE
> Task :app:mergeDebugAndroidTestShaders UP-TO-DATE
> Task :app:compileDebugAndroidTestShaders NO-SOURCE
> Task :app:generateDebugAndroidTestAssets UP-TO-DATE
> Task :app:mergeDebugAndroidTestAssets UP-TO-DATE
> Task :app:compressDebugAndroidTestAssets UP-TO-DATE
> Task :app:checkDebugAndroidTestDuplicateClasses UP-TO-DATE
> Task :app:desugarDebugAndroidTestFileDependencies UP-TO-DATE
> Task :app:mergeExtDexDebugAndroidTest UP-TO-DATE
> Task :app:mergeLibDexDebugAndroidTest UP-TO-DATE
> Task :app:mergeDebugAndroidTestJniLibFolders UP-TO-DATE
> Task :app:mergeDebugJniLibFolders UP-TO-DATE
> Task :app:mergeDebugNativeLibs UP-TO-DATE
> Task :app:mergeDebugAndroidTestNativeLibs UP-TO-DATE
> Task :app:stripDebugAndroidTestDebugSymbols UP-TO-DATE
> Task :app:validateSigningDebugAndroidTest UP-TO-DATE
> Task :app:writeDebugAndroidTestSigningConfigVersions UP-TO-DATE

> Task :app:compileDebugAndroidTestKotlin FAILED
e: file:///E:/UET/Project/Dating_App_Mobile_Project/app/src/androidTest/java/com/example/atry/performance/DatabasePerformanceTest.kt:87:26 Argument type mismatch: actual type is 'kotlin.Int', but 'kotlin.Long' was expected.
e: file:///E:/UET/Project/Dating_App_Mobile_Project/app/src/androidTest/java/com/example/atry/performance/FrameRatePerformanceTest.kt:46:34 Unresolved reference 'assertIsDisplayed'.

FAILURE: Build failed with an exception.

* What went wrong:
Execution failed for task ':app:compileDebugAndroidTestKotlin'.
> A failure occurred while executing org.jetbrains.kotlin.compilerRunner.GradleCompilerRunnerWithWorkers$GradleKotlinCompilerWorkAction
   > Compilation error. See log for more details

* Try:
> Run with --stacktrace option to get the stack trace.
> Run with --info or --debug option to get more log output.
> Run with --scan to get full insights.
> Get more help at https://help.gradle.org.

BUILD FAILED in 4s
45 actionable tasks: 1 executed, 44 up-to-date
> Task :app:clean
> Task :app:checkKotlinGradlePluginConfigurationErrors SKIPPED
> Task :app:preBuild UP-TO-DATE
> Task :app:preDebugBuild UP-TO-DATE
> Task :app:checkDebugAarMetadata
> Task :app:processDebugNavigationResources
> Task :app:compileDebugNavigationResources
> Task :app:generateDebugResValues
> Task :app:processDebugGoogleServices
> Task :app:mapDebugSourceSetPaths
> Task :app:generateDebugResources
> Task :app:packageDebugResources
> Task :app:createDebugCompatibleScreenManifests
> Task :app:extractDeepLinksDebug
> Task :app:parseDebugLocalResources

> Task :app:processDebugMainManifest
[io.agora.rtc:voice-sdk:4.5.0] C:\Users\Acer\.gradle\caches\8.13\transforms\249acb9f8ec0e146eda6a28b94715e0a\transformed\voice-sdk-4.5.0\AndroidManifest.xml Warning:
	Namespace 'io.agora.rtc' is used in multiple modules and/or libraries: io.agora.rtc:voice-sdk:4.5.0, io.agora.rtc:voice-rtc-basic:4.5.0, io.agora.rtc:ains:4.5.0, io.agora.rtc:ains-ll:4.5.0, io.agora.rtc:audio-beauty:4.5.0, io.agora.rtc:spatial-audio:4.5.0, io.agora.rtc:aiaec:4.5.0, io.agora.rtc:aiaec-ll:4.5.0, io.agora.rtc:full-voice-drive:4.5.0, io.agora.infra:aosl:1.2.13. Please ensure that all modules and libraries have a unique namespace. For more information, See https://developer.android.com/studio/build/configure-app-module#set-namespace

> Task :app:processDebugManifest
> Task :app:javaPreCompileDebug
> Task :app:processDebugManifestForPackage
> Task :app:preDebugAndroidTestBuild SKIPPED
> Task :app:checkDebugAndroidTestAarMetadata
> Task :app:processDebugAndroidTestNavigationResources
> Task :app:compileDebugAndroidTestNavigationResources
> Task :app:generateDebugAndroidTestResValues
> Task :app:mapDebugAndroidTestSourceSetPaths
> Task :app:generateDebugAndroidTestResources
> Task :app:mergeDebugResources
> Task :app:processDebugAndroidTestManifest
> Task :app:javaPreCompileDebugAndroidTest
> Task :app:mergeDebugAndroidTestShaders
> Task :app:compileDebugAndroidTestShaders NO-SOURCE
> Task :app:generateDebugAndroidTestAssets UP-TO-DATE
> Task :app:mergeDebugAndroidTestAssets
> Task :app:desugarDebugAndroidTestFileDependencies
> Task :app:checkDebugAndroidTestDuplicateClasses
> Task :app:mergeDebugAndroidTestJniLibFolders
> Task :app:mergeDebugJniLibFolders
> Task :app:mergeLibDexDebugAndroidTest
> Task :app:validateSigningDebugAndroidTest
> Task :app:writeDebugAndroidTestSigningConfigVersions
> Task :app:mergeDebugAndroidTestResources
> Task :app:compressDebugAndroidTestAssets
> Task :app:mergeExtDexDebugAndroidTest
> Task :app:processDebugAndroidTestResources
> Task :app:mergeDebugNativeLibs
> Task :app:mergeDebugAndroidTestNativeLibs

> Task :app:stripDebugAndroidTestDebugSymbols
Unable to strip the following libraries, packaging them as they are: libbenchmarkNative.so, libtracing_perfetto.so. Run with --info option to learn more.

> Task :app:processDebugResources

> Task :app:compileDebugKotlin
w: file:///E:/UET/Project/Dating_App_Mobile_Project/app/src/main/java/com/example/atry/MainActivity.kt:105:18 This declaration overrides a deprecated member but is not marked as deprecated itself. Please add the '@Deprecated' annotation or suppress the diagnostic.
w: file:///E:/UET/Project/Dating_App_Mobile_Project/app/src/main/java/com/example/atry/MainActivity.kt:106:15 'fun onRequestPermissionsResult(requestCode: Int, permissions: Array<String>, grantResults: IntArray): Unit' is deprecated. This method has been deprecated in favor of using the Activity Result API
      which brings increased type safety via an {@link ActivityResultContract} and the prebuilt
      contracts for common intents available in
      {@link androidx.activity.result.contract.ActivityResultContracts}, provides hooks for
      testing, and allow receiving results in separate, testable classes independent from your
      activity. Use
      {@link #registerForActivityResult(ActivityResultContract, ActivityResultCallback)} passing
      in a {@link RequestMultiplePermissions} object for the {@link ActivityResultContract} and
      handling the result in the {@link ActivityResultCallback#onActivityResult(Object) callback}.
w: file:///E:/UET/Project/Dating_App_Mobile_Project/app/src/main/java/com/example/atry/data/singleton/LanguageSingleton.kt:16:37 'constructor(p0: String!): Locale' is deprecated. Deprecated in Java.
w: file:///E:/UET/Project/Dating_App_Mobile_Project/app/src/main/java/com/example/atry/data/singleton/LanguageSingleton.kt:16:55 'constructor(p0: String!): Locale' is deprecated. Deprecated in Java.
w: file:///E:/UET/Project/Dating_App_Mobile_Project/app/src/main/java/com/example/atry/data/singleton/LanguageSingleton.kt:23:27 'fun updateConfiguration(p0: Configuration!, p1: DisplayMetrics!): Unit' is deprecated. Deprecated in Java.
w: file:///E:/UET/Project/Dating_App_Mobile_Project/app/src/main/java/com/example/atry/ui/components/qr/QrCamScanner.kt:81:26 'val LocalLifecycleOwner: ProvidableCompositionLocal<LifecycleOwner>' is deprecated. Moved to lifecycle-runtime-compose library in androidx.lifecycle.compose package.
w: file:///E:/UET/Project/Dating_App_Mobile_Project/app/src/main/java/com/example/atry/ui/components/tutorials/SwipeTutorial.kt:118:85 'fun EnterTransition.with(exit: ExitTransition): ContentTransform' is deprecated. Infix fun EnterTransition.with(ExitTransition) has been renamed to togetherWith.
w: file:///E:/UET/Project/Dating_App_Mobile_Project/app/src/main/java/com/example/atry/ui/components/tutorials/SwipeTutorial.kt:121:86 'fun EnterTransition.with(exit: ExitTransition): ContentTransform' is deprecated. Infix fun EnterTransition.with(ExitTransition) has been renamed to togetherWith.
w: file:///E:/UET/Project/Dating_App_Mobile_Project/app/src/main/java/com/example/atry/ui/screens/functionalScreens/aiChatBot/chatComponents/AiChatScreenFooter.kt:53:44 'val Icons.Filled.Send: ImageVector' is deprecated. Use the AutoMirrored version at Icons.AutoMirrored.Filled.Send.
w: file:///E:/UET/Project/Dating_App_Mobile_Project/app/src/main/java/com/example/atry/ui/screens/functionalScreens/chat/chatComponents/ChatScreenFooter.kt:171:35 'val Icons.Filled.Send: ImageVector' is deprecated. Use the AutoMirrored version at Icons.AutoMirrored.Filled.Send.
w: file:///E:/UET/Project/Dating_App_Mobile_Project/app/src/main/java/com/example/atry/ui/screens/functionalScreens/detailedProfile/detailedProfileComponents/DetailInfo.kt:98:9 'fun Divider(modifier: Modifier = ..., thickness: Dp = ..., color: Color = ...): Unit' is deprecated. Renamed to HorizontalDivider.
w: file:///E:/UET/Project/Dating_App_Mobile_Project/app/src/main/java/com/example/atry/ui/screens/functionalScreens/detailedProfile/detailedProfileComponents/DetailInfo.kt:101:9 'fun Divider(modifier: Modifier = ..., thickness: Dp = ..., color: Color = ...): Unit' is deprecated. Renamed to HorizontalDivider.
w: file:///E:/UET/Project/Dating_App_Mobile_Project/app/src/main/java/com/example/atry/ui/screens/functionalScreens/detailedProfile/detailedProfileComponents/DetailInfo.kt:105:9 'fun Divider(modifier: Modifier = ..., thickness: Dp = ..., color: Color = ...): Unit' is deprecated. Renamed to HorizontalDivider.
w: file:///E:/UET/Project/Dating_App_Mobile_Project/app/src/main/java/com/example/atry/ui/screens/functionalScreens/detailedProfile/detailedProfileComponents/DetailInfo.kt:109:9 'fun Divider(modifier: Modifier = ..., thickness: Dp = ..., color: Color = ...): Unit' is deprecated. Renamed to HorizontalDivider.
w: file:///E:/UET/Project/Dating_App_Mobile_Project/app/src/main/java/com/example/atry/ui/screens/functionalScreens/detailedProfile/detailedProfileComponents/DetailInfo.kt:113:9 'fun Divider(modifier: Modifier = ..., thickness: Dp = ..., color: Color = ...): Unit' is deprecated. Renamed to HorizontalDivider.
w: file:///E:/UET/Project/Dating_App_Mobile_Project/app/src/main/java/com/example/atry/ui/screens/functionalScreens/detailedProfile/detailedProfileComponents/DetailInfo.kt:117:9 'fun Divider(modifier: Modifier = ..., thickness: Dp = ..., color: Color = ...): Unit' is deprecated. Renamed to HorizontalDivider.
w: file:///E:/UET/Project/Dating_App_Mobile_Project/app/src/main/java/com/example/atry/ui/screens/functionalScreens/detailedProfile/detailedProfileComponents/DetailedProfileImage.kt:119:35 'val Icons.Filled.KeyboardArrowLeft: ImageVector' is deprecated. Use the AutoMirrored version at Icons.AutoMirrored.Filled.KeyboardArrowLeft.
w: file:///E:/UET/Project/Dating_App_Mobile_Project/app/src/main/java/com/example/atry/ui/screens/functionalScreens/detailedProfile/detailedProfileComponents/DetailedProfileImage.kt:137:35 'val Icons.Filled.KeyboardArrowRight: ImageVector' is deprecated. Use the AutoMirrored version at Icons.AutoMirrored.Filled.KeyboardArrowRight.
w: file:///E:/UET/Project/Dating_App_Mobile_Project/app/src/main/java/com/example/atry/ui/screens/functionalScreens/matchedDetailedProfile/matchedDetailedProfileComponents/DetailInfo.kt:82:9 'fun Divider(modifier: Modifier = ..., thickness: Dp = ..., color: Color = ...): Unit' is deprecated. Renamed to HorizontalDivider.
w: file:///E:/UET/Project/Dating_App_Mobile_Project/app/src/main/java/com/example/atry/ui/screens/functionalScreens/matchedDetailedProfile/matchedDetailedProfileComponents/DetailInfo.kt:85:9 'fun Divider(modifier: Modifier = ..., thickness: Dp = ..., color: Color = ...): Unit' is deprecated. Renamed to HorizontalDivider.
w: file:///E:/UET/Project/Dating_App_Mobile_Project/app/src/main/java/com/example/atry/ui/screens/functionalScreens/matchedDetailedProfile/matchedDetailedProfileComponents/DetailInfo.kt:89:9 'fun Divider(modifier: Modifier = ..., thickness: Dp = ..., color: Color = ...): Unit' is deprecated. Renamed to HorizontalDivider.
w: file:///E:/UET/Project/Dating_App_Mobile_Project/app/src/main/java/com/example/atry/ui/screens/functionalScreens/matchedDetailedProfile/matchedDetailedProfileComponents/DetailInfo.kt:93:9 'fun Divider(modifier: Modifier = ..., thickness: Dp = ..., color: Color = ...): Unit' is deprecated. Renamed to HorizontalDivider.
w: file:///E:/UET/Project/Dating_App_Mobile_Project/app/src/main/java/com/example/atry/ui/screens/functionalScreens/matchedDetailedProfile/matchedDetailedProfileComponents/DetailInfo.kt:97:9 'fun Divider(modifier: Modifier = ..., thickness: Dp = ..., color: Color = ...): Unit' is deprecated. Renamed to HorizontalDivider.
w: file:///E:/UET/Project/Dating_App_Mobile_Project/app/src/main/java/com/example/atry/ui/screens/functionalScreens/matchedDetailedProfile/matchedDetailedProfileComponents/DetailInfo.kt:101:9 'fun Divider(modifier: Modifier = ..., thickness: Dp = ..., color: Color = ...): Unit' is deprecated. Renamed to HorizontalDivider.
w: file:///E:/UET/Project/Dating_App_Mobile_Project/app/src/main/java/com/example/atry/ui/screens/functionalScreens/matchedDetailedProfile/matchedDetailedProfileComponents/DetailedProfileImage.kt:113:35 'val Icons.Filled.KeyboardArrowLeft: ImageVector' is deprecated. Use the AutoMirrored version at Icons.AutoMirrored.Filled.KeyboardArrowLeft.
w: file:///E:/UET/Project/Dating_App_Mobile_Project/app/src/main/java/com/example/atry/ui/screens/functionalScreens/matchedDetailedProfile/matchedDetailedProfileComponents/DetailedProfileImage.kt:130:35 'val Icons.Filled.KeyboardArrowRight: ImageVector' is deprecated. Use the AutoMirrored version at Icons.AutoMirrored.Filled.KeyboardArrowRight.
w: file:///E:/UET/Project/Dating_App_Mobile_Project/app/src/main/java/com/example/atry/ui/screens/functionalScreens/myProfile/MyProfileScreen.kt:63:25 'fun quadraticBezierTo(x1: Float, y1: Float, x2: Float, y2: Float): Unit' is deprecated. Use quadraticTo() for consistency with cubicTo().
w: file:///E:/UET/Project/Dating_App_Mobile_Project/app/src/main/java/com/example/atry/viewmodel/auth/UserInfoSetupViewModel.kt:70:17 Condition is always 'true'.
w: file:///E:/UET/Project/Dating_App_Mobile_Project/app/src/main/java/com/example/atry/viewmodel/functional/EditProfileViewModel.kt:58:17 Condition is always 'true'.
w: file:///E:/UET/Project/Dating_App_Mobile_Project/app/src/main/java/com/example/atry/viewmodel/functional/SendViewModel.kt:109:26 'fun resume(value: String, onCancellation: ((@ParameterName(...) Throwable) -> Unit)?): Unit' is deprecated. Use the overload that also accepts the `value` and the coroutine context in lambda.

> Task :app:compileDebugJavaWithJavac
Note: Some input files use unchecked or unsafe operations.
Note: Recompile with -Xlint:unchecked for details.

> Task :app:bundleDebugClassesToCompileJar

> Task :app:compileDebugAndroidTestKotlin FAILED
e: file:///E:/UET/Project/Dating_App_Mobile_Project/app/src/androidTest/java/com/example/atry/performance/DatabasePerformanceTest.kt:87:26 Argument type mismatch: actual type is 'kotlin.Int', but 'kotlin.Long' was expected.
e: file:///E:/UET/Project/Dating_App_Mobile_Project/app/src/androidTest/java/com/example/atry/performance/FrameRatePerformanceTest.kt:46:34 Unresolved reference 'assertIsDisplayed'.

[Incubating] Problems report is available at: file:///E:/UET/Project/Dating_App_Mobile_Project/build/reports/problems/problems-report.html

FAILURE: Build failed with an exception.

* What went wrong:
Execution failed for task ':app:compileDebugAndroidTestKotlin'.
> A failure occurred while executing org.jetbrains.kotlin.compilerRunner.GradleCompilerRunnerWithWorkers$GradleKotlinCompilerWorkAction
   > Compilation error. See log for more details

* Try:
> Run with --stacktrace option to get the stack trace.
> Run with --info or --debug option to get more log output.
> Run with --scan to get full insights.
> Get more help at https://help.gradle.org.

BUILD FAILED in 27s
46 actionable tasks: 46 executed
