> Task :app:checkKotlinGradlePluginConfigurationErrors SKIPPED
> Task :app:preBuild UP-TO-DATE
> Task :app:preDebugBuild UP-TO-DATE
> Task :app:checkDebugAarMetadata UP-TO-DATE
> Task :app:processDebugNavigationResources UP-TO-DATE
> Task :app:compileDebugNavigationResources UP-TO-DATE
> Task :app:generateDebugResValues UP-TO-DATE
> Task :app:processDebugGoogleServices UP-TO-DATE
> Task :app:mapDebugSourceSetPaths UP-TO-DATE
> Task :app:generateDebugResources UP-TO-DATE
> Task :app:mergeDebugResources UP-TO-DATE
> Task :app:packageDebugResources UP-TO-DATE
> Task :app:parseDebugLocalResources UP-TO-DATE
> Task :app:createDebugCompatibleScreenManifests UP-TO-DATE
> Task :app:extractDeepLinksDebug UP-TO-DATE
> Task :app:processDebugMainManifest UP-TO-DATE
> Task :app:processDebugManifest UP-TO-DATE
> Task :app:processDebugManifestForPackage UP-TO-DATE
> Task :app:processDebugResources UP-TO-DATE
> Task :app:compileDebugKotlin UP-TO-DATE
> Task :app:javaPreCompileDebug UP-TO-DATE
> Task :app:compileDebugJavaWithJavac UP-TO-DATE
> Task :app:bundleDebugClassesToCompileJar UP-TO-DATE
> Task :app:preDebugAndroidTestBuild SKIPPED
> Task :app:checkDebugAndroidTestAarMetadata UP-TO-DATE
> Task :app:processDebugAndroidTestNavigationResources UP-TO-DATE
> Task :app:compileDebugAndroidTestNavigationResources UP-TO-DATE
> Task :app:generateDebugAndroidTestResValues UP-TO-DATE
> Task :app:mapDebugAndroidTestSourceSetPaths UP-TO-DATE
> Task :app:generateDebugAndroidTestResources UP-TO-DATE
> Task :app:mergeDebugAndroidTestResources UP-TO-DATE
> Task :app:processDebugAndroidTestManifest UP-TO-DATE
> Task :app:processDebugAndroidTestResources UP-TO-DATE
> Task :app:compileDebugAndroidTestKotlin UP-TO-DATE
> Task :app:javaPreCompileDebugAndroidTest UP-TO-DATE
> Task :app:compileDebugAndroidTestJavaWithJavac NO-SOURCE
> Task :app:mergeDebugShaders UP-TO-DATE
> Task :app:compileDebugShaders NO-SOURCE
> Task :app:generateDebugAssets UP-TO-DATE
> Task :app:mergeDebugAssets UP-TO-DATE
> Task :app:compressDebugAssets UP-TO-DATE
> Task :app:generateDebugJacocoPropertiesFile UP-TO-DATE
> Task :app:processDebugJavaRes UP-TO-DATE
> Task :app:mergeDebugJavaResource UP-TO-DATE
> Task :app:checkDebugDuplicateClasses UP-TO-DATE
> Task :app:desugarDebugFileDependencies UP-TO-DATE
> Task :app:mergeExtDexDebug UP-TO-DATE
> Task :app:mergeLibDexDebug UP-TO-DATE
> Task :app:jacocoDebug UP-TO-DATE
> Task :app:dexBuilderDebug UP-TO-DATE
> Task :app:mergeProjectDexDebug UP-TO-DATE
> Task :app:mergeDebugJniLibFolders UP-TO-DATE
> Task :app:mergeDebugNativeLibs UP-TO-DATE
> Task :app:stripDebugDebugSymbols UP-TO-DATE
> Task :app:validateSigningDebug UP-TO-DATE
> Task :app:writeDebugAppMetadata UP-TO-DATE
> Task :app:writeDebugSigningConfigVersions UP-TO-DATE
> Task :app:packageDebug UP-TO-DATE
> Task :app:createDebugApkListingFileRedirect UP-TO-DATE
> Task :app:mergeDebugAndroidTestShaders UP-TO-DATE
> Task :app:compileDebugAndroidTestShaders NO-SOURCE
> Task :app:generateDebugAndroidTestAssets UP-TO-DATE
> Task :app:mergeDebugAndroidTestAssets UP-TO-DATE
> Task :app:compressDebugAndroidTestAssets UP-TO-DATE
> Task :app:processDebugAndroidTestJavaRes UP-TO-DATE
> Task :app:mergeDebugAndroidTestJavaResource UP-TO-DATE
> Task :app:checkDebugAndroidTestDuplicateClasses UP-TO-DATE
> Task :app:desugarDebugAndroidTestFileDependencies UP-TO-DATE
> Task :app:mergeExtDexDebugAndroidTest UP-TO-DATE
> Task :app:mergeLibDexDebugAndroidTest UP-TO-DATE
> Task :app:dexBuilderDebugAndroidTest UP-TO-DATE
> Task :app:mergeProjectDexDebugAndroidTest UP-TO-DATE
> Task :app:mergeDebugAndroidTestJniLibFolders UP-TO-DATE
> Task :app:mergeDebugAndroidTestNativeLibs UP-TO-DATE
> Task :app:stripDebugAndroidTestDebugSymbols UP-TO-DATE
> Task :app:validateSigningDebugAndroidTest UP-TO-DATE
> Task :app:writeDebugAndroidTestSigningConfigVersions UP-TO-DATE
> Task :app:packageDebugAndroidTest UP-TO-DATE
> Task :app:createDebugAndroidTestApkListingFileRedirect UP-TO-DATE

> Task :app:connectedDebugAndroidTest
Starting 6 tests on Pixel_8(AVD) - 16

Pixel_8(AVD) - 16 Tests 0/6 completed. (0 skipped) (0 failed)
Pixel_8(AVD) - 16 Tests 1/6 completed. (0 skipped) (0 failed)
Pixel_8(AVD) - 16 Tests 2/6 completed. (0 skipped) (0 failed)
Pixel_8(AVD) - 16 Tests 3/6 completed. (0 skipped) (0 failed)
Pixel_8(AVD) - 16 Tests 4/6 completed. (0 skipped) (0 failed)
Pixel_8(AVD) - 16 Tests 5/6 completed. (0 skipped) (0 failed)
Finished 6 tests on Pixel_8(AVD) - 16

> Task :app:connectedDebugAndroidTest
Logcat of last crash: 
Process: com.example.datingapp.test, PID: 7333
java.lang.RuntimeException: Unable to get provider androidx.startup.InitializationProvider: java.lang.ClassNotFoundException: Didn't find class "androidx.startup.InitializationProvider" on path: DexPathList[[zip file "/data/app/~~7b3DVc2q8-4IUM0uut9Npw==/com.example.datingapp.test-OXGihTKSptkXhHR3vxeWgg==/base.apk"],nativeLibraryDirectories=[/data/app/~~7b3DVc2q8-4IUM0uut9Npw==/com.example.datingapp.test-OXGihTKSptkXhHR3vxeWgg==/lib/x86_64, /data/app/~~7b3DVc2q8-4IUM0uut9Npw==/com.example.datingapp.test-OXGihTKSptkXhHR3vxeWgg==/base.apk!/lib/x86_64, /system/lib64, /system_ext/lib64]]
	at android.app.ActivityThread.installProvider(ActivityThread.java:8647)
	at android.app.ActivityThread.installContentProviders(ActivityThread.java:8157)
	at android.app.ActivityThread.handleBindApplication(ActivityThread.java:7814)
	at android.app.ActivityThread.-$$Nest$mhandleBindApplication(Unknown Source:0)
	at android.app.ActivityThread$H.handleMessage(ActivityThread.java:2546)
	at android.os.Handler.dispatchMessage(Handler.java:110)
	at android.os.Looper.loopOnce(Looper.java:248)
	at android.os.Looper.loop(Looper.java:338)
	at android.app.ActivityThread.main(ActivityThread.java:9067)
	at java.lang.reflect.Method.invoke(Native Method)
	at com.android.internal.os.RuntimeInit$MethodAndArgsCaller.run(RuntimeInit.java:593)
	at com.android.internal.os.ZygoteInit.main(ZygoteInit.java:932)
Caused by: java.lang.ClassNotFoundException: Didn't find class "androidx.startup.InitializationProvider" on path: DexPathList[[zip file "/data/app/~~7b3DVc2q8-4IUM0uut9Npw==/com.example.datingapp.test-OXGihTKSptkXhHR3vxeWgg==/base.apk"],nativeLibraryDirectories=[/data/app/~~7b3DVc2q8-4IUM0uut9Npw==/com.example.datingapp.test-OXGihTKSptkXhHR3vxeWgg==/lib/x86_64, /data/app/~~7b3DVc2q8-4IUM0uut9Npw==/com.example.datingapp.test-OXGihTKSptkXhHR3vxeWgg==/base.apk!/lib/x86_64, /system/lib64, /system_ext/lib64]]
	at dalvik.system.BaseDexClassLoader.findClass(BaseDexClassLoader.java:259)
	at java.lang.ClassLoader.loadClass(ClassLoader.java:637)
	at java.lang.ClassLoader.loadClass(ClassLoader.java:573)
	at android.app.AppComponentFactory.instantiateProvider(AppComponentFactory.java:147)
	at android.app.ActivityThread.installProvider(ActivityThread.java:8631)
	... 11 more


BUILD SUCCESSFUL in 4m 59s
71 actionable tasks: 1 executed, 70 up-to-date
