> Task :app:checkKotlinGradlePluginConfigurationErrors SKIPPED
> Task :app:preBuild UP-TO-DATE
> Task :app:preDebugBuild UP-TO-DATE
> Task :app:checkDebugAarMetadata UP-TO-DATE
> Task :app:processDebugNavigationResources UP-TO-DATE
> Task :app:compileDebugNavigationResources UP-TO-DATE
> Task :app:generateDebugResValues UP-TO-DATE
> Task :app:processDebugGoogleServices UP-TO-DATE
> Task :app:mapDebugSourceSetPaths UP-TO-DATE
> Task :app:generateDebugResources UP-TO-DATE
> Task :app:mergeDebugResources UP-TO-DATE
> Task :app:packageDebugResources UP-TO-DATE
> Task :app:parseDebugLocalResources UP-TO-DATE
> Task :app:createDebugCompatibleScreenManifests UP-TO-DATE
> Task :app:extractDeepLinksDebug UP-TO-DATE
> Task :app:processDebugMainManifest UP-TO-DATE
> Task :app:processDebugManifest UP-TO-DATE
> Task :app:processDebugManifestForPackage UP-TO-DATE
> Task :app:processDebugResources UP-TO-DATE
> Task :app:javaPreCompileDebug UP-TO-DATE
> Task :app:preDebugAndroidTestBuild SKIPPED
> Task :app:checkDebugAndroidTestAarMetadata UP-TO-DATE
> Task :app:processDebugAndroidTestNavigationResources UP-TO-DATE
> Task :app:compileDebugAndroidTestNavigationResources UP-TO-DATE
> Task :app:generateDebugAndroidTestResValues UP-TO-DATE
> Task :app:mapDebugAndroidTestSourceSetPaths UP-TO-DATE
> Task :app:generateDebugAndroidTestResources UP-TO-DATE
> Task :app:mergeDebugAndroidTestResources UP-TO-DATE
> Task :app:processDebugAndroidTestManifest UP-TO-DATE
> Task :app:processDebugAndroidTestResources UP-TO-DATE
> Task :app:javaPreCompileDebugAndroidTest UP-TO-DATE
> Task :app:mergeDebugAndroidTestShaders UP-TO-DATE
> Task :app:compileDebugAndroidTestShaders NO-SOURCE
> Task :app:generateDebugAndroidTestAssets UP-TO-DATE
> Task :app:mergeDebugAndroidTestAssets UP-TO-DATE
> Task :app:compressDebugAndroidTestAssets UP-TO-DATE
> Task :app:checkDebugAndroidTestDuplicateClasses UP-TO-DATE
> Task :app:desugarDebugAndroidTestFileDependencies UP-TO-DATE
> Task :app:mergeExtDexDebugAndroidTest UP-TO-DATE
> Task :app:mergeLibDexDebugAndroidTest UP-TO-DATE
> Task :app:mergeDebugAndroidTestJniLibFolders UP-TO-DATE
> Task :app:mergeDebugJniLibFolders UP-TO-DATE
> Task :app:mergeDebugNativeLibs UP-TO-DATE
> Task :app:mergeDebugAndroidTestNativeLibs UP-TO-DATE
> Task :app:stripDebugAndroidTestDebugSymbols UP-TO-DATE
> Task :app:validateSigningDebugAndroidTest UP-TO-DATE
> Task :app:writeDebugAndroidTestSigningConfigVersions UP-TO-DATE
> Task :app:compileDebugKotlin
w: file:///E:/UET/Project/Dating_App_Mobile_Project/app/src/main/java/com/example/atry/MainActivity.kt:105:18 This declaration overrides a deprecated member but is not marked as deprecated itself. Please add the '@Deprecated' annotation or suppress the diagnostic.
w: file:///E:/UET/Project/Dating_App_Mobile_Project/app/src/main/java/com/example/atry/MainActivity.kt:106:15 'fun onRequestPermissionsResult(requestCode: Int, permissions: Array<String>, grantResults: IntArray): Unit' is deprecated. This method has been deprecated in favor of using the Activity Result API
      which brings increased type safety via an {@link ActivityResultContract} and the prebuilt
      contracts for common intents available in
      {@link androidx.activity.result.contract.ActivityResultContracts}, provides hooks for
      testing, and allow receiving results in separate, testable classes independent from your
      activity. Use
      {@link #registerForActivityResult(ActivityResultContract, ActivityResultCallback)} passing
      in a {@link RequestMultiplePermissions} object for the {@link ActivityResultContract} and
      handling the result in the {@link ActivityResultCallback#onActivityResult(Object) callback}.
w: file:///E:/UET/Project/Dating_App_Mobile_Project/app/src/main/java/com/example/atry/data/singleton/LanguageSingleton.kt:16:37 'constructor(p0: String!): Locale' is deprecated. Deprecated in Java.
w: file:///E:/UET/Project/Dating_App_Mobile_Project/app/src/main/java/com/example/atry/data/singleton/LanguageSingleton.kt:16:55 'constructor(p0: String!): Locale' is deprecated. Deprecated in Java.
w: file:///E:/UET/Project/Dating_App_Mobile_Project/app/src/main/java/com/example/atry/data/singleton/LanguageSingleton.kt:23:27 'fun updateConfiguration(p0: Configuration!, p1: DisplayMetrics!): Unit' is deprecated. Deprecated in Java.
w: file:///E:/UET/Project/Dating_App_Mobile_Project/app/src/main/java/com/example/atry/ui/components/qr/QrCamScanner.kt:81:26 'val LocalLifecycleOwner: ProvidableCompositionLocal<LifecycleOwner>' is deprecated. Moved to lifecycle-runtime-compose library in androidx.lifecycle.compose package.
w: file:///E:/UET/Project/Dating_App_Mobile_Project/app/src/main/java/com/example/atry/ui/components/tutorials/SwipeTutorial.kt:118:85 'fun EnterTransition.with(exit: ExitTransition): ContentTransform' is deprecated. Infix fun EnterTransition.with(ExitTransition) has been renamed to togetherWith.
w: file:///E:/UET/Project/Dating_App_Mobile_Project/app/src/main/java/com/example/atry/ui/components/tutorials/SwipeTutorial.kt:121:86 'fun EnterTransition.with(exit: ExitTransition): ContentTransform' is deprecated. Infix fun EnterTransition.with(ExitTransition) has been renamed to togetherWith.
w: file:///E:/UET/Project/Dating_App_Mobile_Project/app/src/main/java/com/example/atry/ui/screens/functionalScreens/aiChatBot/chatComponents/AiChatScreenFooter.kt:53:44 'val Icons.Filled.Send: ImageVector' is deprecated. Use the AutoMirrored version at Icons.AutoMirrored.Filled.Send.
w: file:///E:/UET/Project/Dating_App_Mobile_Project/app/src/main/java/com/example/atry/ui/screens/functionalScreens/chat/chatComponents/ChatScreenFooter.kt:171:35 'val Icons.Filled.Send: ImageVector' is deprecated. Use the AutoMirrored version at Icons.AutoMirrored.Filled.Send.
w: file:///E:/UET/Project/Dating_App_Mobile_Project/app/src/main/java/com/example/atry/ui/screens/functionalScreens/detailedProfile/detailedProfileComponents/DetailInfo.kt:98:9 'fun Divider(modifier: Modifier = ..., thickness: Dp = ..., color: Color = ...): Unit' is deprecated. Renamed to HorizontalDivider.
w: file:///E:/UET/Project/Dating_App_Mobile_Project/app/src/main/java/com/example/atry/ui/screens/functionalScreens/detailedProfile/detailedProfileComponents/DetailInfo.kt:101:9 'fun Divider(modifier: Modifier = ..., thickness: Dp = ..., color: Color = ...): Unit' is deprecated. Renamed to HorizontalDivider.
w: file:///E:/UET/Project/Dating_App_Mobile_Project/app/src/main/java/com/example/atry/ui/screens/functionalScreens/detailedProfile/detailedProfileComponents/DetailInfo.kt:105:9 'fun Divider(modifier: Modifier = ..., thickness: Dp = ..., color: Color = ...): Unit' is deprecated. Renamed to HorizontalDivider.
w: file:///E:/UET/Project/Dating_App_Mobile_Project/app/src/main/java/com/example/atry/ui/screens/functionalScreens/detailedProfile/detailedProfileComponents/DetailInfo.kt:109:9 'fun Divider(modifier: Modifier = ..., thickness: Dp = ..., color: Color = ...): Unit' is deprecated. Renamed to HorizontalDivider.
w: file:///E:/UET/Project/Dating_App_Mobile_Project/app/src/main/java/com/example/atry/ui/screens/functionalScreens/detailedProfile/detailedProfileComponents/DetailInfo.kt:113:9 'fun Divider(modifier: Modifier = ..., thickness: Dp = ..., color: Color = ...): Unit' is deprecated. Renamed to HorizontalDivider.
w: file:///E:/UET/Project/Dating_App_Mobile_Project/app/src/main/java/com/example/atry/ui/screens/functionalScreens/detailedProfile/detailedProfileComponents/DetailInfo.kt:117:9 'fun Divider(modifier: Modifier = ..., thickness: Dp = ..., color: Color = ...): Unit' is deprecated. Renamed to HorizontalDivider.
w: file:///E:/UET/Project/Dating_App_Mobile_Project/app/src/main/java/com/example/atry/ui/screens/functionalScreens/detailedProfile/detailedProfileComponents/DetailedProfileImage.kt:119:35 'val Icons.Filled.KeyboardArrowLeft: ImageVector' is deprecated. Use the AutoMirrored version at Icons.AutoMirrored.Filled.KeyboardArrowLeft.
w: file:///E:/UET/Project/Dating_App_Mobile_Project/app/src/main/java/com/example/atry/ui/screens/functionalScreens/detailedProfile/detailedProfileComponents/DetailedProfileImage.kt:137:35 'val Icons.Filled.KeyboardArrowRight: ImageVector' is deprecated. Use the AutoMirrored version at Icons.AutoMirrored.Filled.KeyboardArrowRight.
w: file:///E:/UET/Project/Dating_App_Mobile_Project/app/src/main/java/com/example/atry/ui/screens/functionalScreens/matchedDetailedProfile/matchedDetailedProfileComponents/DetailInfo.kt:82:9 'fun Divider(modifier: Modifier = ..., thickness: Dp = ..., color: Color = ...): Unit' is deprecated. Renamed to HorizontalDivider.
w: file:///E:/UET/Project/Dating_App_Mobile_Project/app/src/main/java/com/example/atry/ui/screens/functionalScreens/matchedDetailedProfile/matchedDetailedProfileComponents/DetailInfo.kt:85:9 'fun Divider(modifier: Modifier = ..., thickness: Dp = ..., color: Color = ...): Unit' is deprecated. Renamed to HorizontalDivider.
w: file:///E:/UET/Project/Dating_App_Mobile_Project/app/src/main/java/com/example/atry/ui/screens/functionalScreens/matchedDetailedProfile/matchedDetailedProfileComponents/DetailInfo.kt:89:9 'fun Divider(modifier: Modifier = ..., thickness: Dp = ..., color: Color = ...): Unit' is deprecated. Renamed to HorizontalDivider.
w: file:///E:/UET/Project/Dating_App_Mobile_Project/app/src/main/java/com/example/atry/ui/screens/functionalScreens/matchedDetailedProfile/matchedDetailedProfileComponents/DetailInfo.kt:93:9 'fun Divider(modifier: Modifier = ..., thickness: Dp = ..., color: Color = ...): Unit' is deprecated. Renamed to HorizontalDivider.
w: file:///E:/UET/Project/Dating_App_Mobile_Project/app/src/main/java/com/example/atry/ui/screens/functionalScreens/matchedDetailedProfile/matchedDetailedProfileComponents/DetailInfo.kt:97:9 'fun Divider(modifier: Modifier = ..., thickness: Dp = ..., color: Color = ...): Unit' is deprecated. Renamed to HorizontalDivider.
w: file:///E:/UET/Project/Dating_App_Mobile_Project/app/src/main/java/com/example/atry/ui/screens/functionalScreens/matchedDetailedProfile/matchedDetailedProfileComponents/DetailInfo.kt:101:9 'fun Divider(modifier: Modifier = ..., thickness: Dp = ..., color: Color = ...): Unit' is deprecated. Renamed to HorizontalDivider.
w: file:///E:/UET/Project/Dating_App_Mobile_Project/app/src/main/java/com/example/atry/ui/screens/functionalScreens/matchedDetailedProfile/matchedDetailedProfileComponents/DetailedProfileImage.kt:113:35 'val Icons.Filled.KeyboardArrowLeft: ImageVector' is deprecated. Use the AutoMirrored version at Icons.AutoMirrored.Filled.KeyboardArrowLeft.
w: file:///E:/UET/Project/Dating_App_Mobile_Project/app/src/main/java/com/example/atry/ui/screens/functionalScreens/matchedDetailedProfile/matchedDetailedProfileComponents/DetailedProfileImage.kt:130:35 'val Icons.Filled.KeyboardArrowRight: ImageVector' is deprecated. Use the AutoMirrored version at Icons.AutoMirrored.Filled.KeyboardArrowRight.
w: file:///E:/UET/Project/Dating_App_Mobile_Project/app/src/main/java/com/example/atry/ui/screens/functionalScreens/myProfile/MyProfileScreen.kt:63:25 'fun quadraticBezierTo(x1: Float, y1: Float, x2: Float, y2: Float): Unit' is deprecated. Use quadraticTo() for consistency with cubicTo().
w: file:///E:/UET/Project/Dating_App_Mobile_Project/app/src/main/java/com/example/atry/viewmodel/auth/UserInfoSetupViewModel.kt:70:17 Condition is always 'true'.
w: file:///E:/UET/Project/Dating_App_Mobile_Project/app/src/main/java/com/example/atry/viewmodel/functional/EditProfileViewModel.kt:58:17 Condition is always 'true'.
w: file:///E:/UET/Project/Dating_App_Mobile_Project/app/src/main/java/com/example/atry/viewmodel/functional/SendViewModel.kt:109:26 'fun resume(value: String, onCancellation: ((@ParameterName(...) Throwable) -> Unit)?): Unit' is deprecated. Use the overload that also accepts the `value` and the coroutine context in lambda.

> Task :app:compileDebugJavaWithJavac UP-TO-DATE
> Task :app:bundleDebugClassesToCompileJar UP-TO-DATE

> Task :app:compileDebugAndroidTestKotlin FAILED
e: file:///E:/UET/Project/Dating_App_Mobile_Project/app/src/androidTest/java/com/example/atry/ui/screens/functionalScreens/DetailedProfileScreenTest.kt:5:32 Unresolved reference 'User'.
e: file:///E:/UET/Project/Dating_App_Mobile_Project/app/src/androidTest/java/com/example/atry/ui/screens/functionalScreens/DetailedProfileScreenTest.kt:31:27 Unresolved reference 'User'.
e: file:///E:/UET/Project/Dating_App_Mobile_Project/app/src/androidTest/java/com/example/atry/ui/screens/functionalScreens/DetailedProfileScreenTest.kt:37:20 Cannot access class 'com.example.atry.backend.User'. Check your module classpath for missing or conflicting dependencies.
e: file:///E:/UET/Project/Dating_App_Mobile_Project/app/src/androidTest/java/com/example/atry/ui/screens/functionalScreens/UnmatchTest.kt:9:32 Unresolved reference 'User'.
e: file:///E:/UET/Project/Dating_App_Mobile_Project/app/src/androidTest/java/com/example/atry/ui/screens/functionalScreens/UnmatchTest.kt:31:27 Unresolved reference 'User'.
e: file:///E:/UET/Project/Dating_App_Mobile_Project/app/src/androidTest/java/com/example/atry/ui/screens/functionalScreens/UnmatchTest.kt:37:20 Cannot access class 'com.example.atry.backend.User'. Check your module classpath for missing or conflicting dependencies.
e: file:///E:/UET/Project/Dating_App_Mobile_Project/app/src/androidTest/java/com/example/atry/ui/screens/functionalScreens/chat/ChatScreenTest.kt:9:32 Unresolved reference 'MatchedUser'.
e: file:///E:/UET/Project/Dating_App_Mobile_Project/app/src/androidTest/java/com/example/atry/ui/screens/functionalScreens/chat/ChatScreenTest.kt:10:32 Unresolved reference 'MessageService'.
e: file:///E:/UET/Project/Dating_App_Mobile_Project/app/src/androidTest/java/com/example/atry/ui/screens/functionalScreens/chat/ChatScreenTest.kt:11:32 Unresolved reference 'User'.
e: file:///E:/UET/Project/Dating_App_Mobile_Project/app/src/androidTest/java/com/example/atry/ui/screens/functionalScreens/chat/ChatScreenTest.kt:35:33 Unresolved reference 'MessageService'.
e: file:///E:/UET/Project/Dating_App_Mobile_Project/app/src/androidTest/java/com/example/atry/ui/screens/functionalScreens/chat/ChatScreenTest.kt:37:23 Unresolved reference 'User'.
e: file:///E:/UET/Project/Dating_App_Mobile_Project/app/src/androidTest/java/com/example/atry/ui/screens/functionalScreens/chat/ChatScreenTest.kt:41:30 Unresolved reference 'MatchedUser'.
e: file:///E:/UET/Project/Dating_App_Mobile_Project/app/src/androidTest/java/com/example/atry/ui/screens/functionalScreens/chat/ChatScreenTest.kt:43:26 Cannot access class 'com.example.atry.backend.MessageService'. Check your module classpath for missing or conflicting dependencies.
e: file:///E:/UET/Project/Dating_App_Mobile_Project/app/src/androidTest/java/com/example/atry/ui/screens/functionalScreens/chat/ChatScreenTest.kt:43:26 Cannot access class 'com.example.atry.backend.MatchedUser'. Check your module classpath for missing or conflicting dependencies.
e: file:///E:/UET/Project/Dating_App_Mobile_Project/app/src/androidTest/java/com/example/atry/viewmodel/functional/FakeChatViewModelFactory.kt:8:33 Unresolved reference 'MatchedUser'.
e: file:///E:/UET/Project/Dating_App_Mobile_Project/app/src/androidTest/java/com/example/atry/viewmodel/functional/FakeChatViewModelFactory.kt:9:33 Unresolved reference 'MessageService'.
e: file:///E:/UET/Project/Dating_App_Mobile_Project/app/src/androidTest/java/com/example/atry/viewmodel/functional/FakeChatViewModelFactory.kt:17:30 Unresolved reference 'MatchedUser'.
e: file:///E:/UET/Project/Dating_App_Mobile_Project/app/src/androidTest/java/com/example/atry/viewmodel/functional/FakeChatViewModelFactory.kt:25:34 Unresolved reference 'MessageService'.
e: file:///E:/UET/Project/Dating_App_Mobile_Project/app/src/androidTest/java/com/example/atry/viewmodel/functional/FakeChatViewModelFactory.kt:28:20 Cannot access class 'com.example.atry.backend.MessageService'. Check your module classpath for missing or conflicting dependencies.
e: file:///E:/UET/Project/Dating_App_Mobile_Project/app/src/androidTest/java/com/example/atry/viewmodel/functional/FakeChatViewModelFactory.kt:28:20 Cannot access class 'com.example.atry.backend.MatchedUser'. Check your module classpath for missing or conflicting dependencies.
e: file:///E:/UET/Project/Dating_App_Mobile_Project/app/src/androidTest/java/com/example/atry/viewmodel/functional/FakeLikeYouViewModel.kt:6:33 Unresolved reference 'SwipeService'.
e: file:///E:/UET/Project/Dating_App_Mobile_Project/app/src/androidTest/java/com/example/atry/viewmodel/functional/FakeLikeYouViewModel.kt:7:33 Unresolved reference 'User'.
e: file:///E:/UET/Project/Dating_App_Mobile_Project/app/src/androidTest/java/com/example/atry/viewmodel/functional/FakeLikeYouViewModel.kt:8:33 Unresolved reference 'UserProfile'.
e: file:///E:/UET/Project/Dating_App_Mobile_Project/app/src/androidTest/java/com/example/atry/viewmodel/functional/FakeLikeYouViewModel.kt:17:1 Class 'FakeLikeYouViewModel' is not abstract and does not implement abstract member 'swipe'.
e: file:///E:/UET/Project/Dating_App_Mobile_Project/app/src/androidTest/java/com/example/atry/viewmodel/functional/FakeLikeYouViewModel.kt:18:48 Unresolved reference 'UserProfile'.
e: file:///E:/UET/Project/Dating_App_Mobile_Project/app/src/androidTest/java/com/example/atry/viewmodel/functional/FakeLikeYouViewModel.kt:19:31 Type of 'userProfile' is not a subtype of overridden property 'val userProfile: LiveData<UserProfile?>' defined in 'com/example/atry/ui/screens/functionalScreens/likeYou/ILikeYouViewModel'.
e: file:///E:/UET/Project/Dating_App_Mobile_Project/app/src/androidTest/java/com/example/atry/viewmodel/functional/FakeLikeYouViewModel.kt:19:40 Unresolved reference 'UserProfile'.
e: file:///E:/UET/Project/Dating_App_Mobile_Project/app/src/androidTest/java/com/example/atry/viewmodel/functional/FakeLikeYouViewModel.kt:21:9 Cannot access class 'com.example.atry.backend.User'. Check your module classpath for missing or conflicting dependencies.
e: file:///E:/UET/Project/Dating_App_Mobile_Project/app/src/androidTest/java/com/example/atry/viewmodel/functional/FakeLikeYouViewModel.kt:36:5 'swipe' overrides nothing.
e: file:///E:/UET/Project/Dating_App_Mobile_Project/app/src/androidTest/java/com/example/atry/viewmodel/functional/FakeLikeYouViewModel.kt:36:36 Unresolved reference 'User'.
e: file:///E:/UET/Project/Dating_App_Mobile_Project/app/src/androidTest/java/com/example/atry/viewmodel/functional/FakeLikeYouViewModel.kt:36:48 Unresolved reference 'SwipeService'.
e: file:///E:/UET/Project/Dating_App_Mobile_Project/app/src/androidTest/java/com/example/atry/viewmodel/functional/FakeLikeYouViewModel.kt:47:34 Unresolved reference 'UserProfile'.

FAILURE: Build failed with an exception.

* What went wrong:
Execution failed for task ':app:compileDebugAndroidTestKotlin'.
> A failure occurred while executing org.jetbrains.kotlin.compilerRunner.GradleCompilerRunnerWithWorkers$GradleKotlinCompilerWorkAction
   > Compilation error. See log for more details

* Try:
> Run with --stacktrace option to get the stack trace.
> Run with --info or --debug option to get more log output.
> Run with --scan to get full insights.
> Get more help at https://help.gradle.org.

BUILD FAILED in 47s
45 actionable tasks: 2 executed, 43 up-to-date
